<?xml version="1.0" encoding="UTF-8"?>
<testsuite xmlns:xsi="http://www.w3.org/2001/XMLSchema-instance" xsi:noNamespaceSchemaLocation="https://maven.apache.org/surefire/maven-surefire-plugin/xsd/surefire-test-report-3.0.xsd" version="3.0" name="com.gigforce.GigForceApplicationTests" time="19.616" tests="53" errors="0" skipped="0" failures="0">
  <properties>
[...]
</properties>
  <testcase name="testRequestLeave" classname="com.gigforce.GigForceApplicationTests" time="0.761">
    <system-out><![CDATA[02:17:10.190 [main] INFO org.springframework.test.context.support.AnnotationConfigContextLoaderUtils -- Could not detect default configuration classes for test class [com.gigforce.GigForceApplicationTests]: GigForceApplicationTests does not declare any static, non-private, non-final, nested classes annotated with @Configuration.
02:17:10.347 [main] INFO org.springframework.boot.test.context.SpringBootTestContextBootstrapper -- Found @SpringBootConfiguration com.gigforce.GigForceApplication for test class com.gigforce.GigForceApplicationTests

  .   ____          _            __ _ _
 /\\ / ___'_ __ _ _(_)_ __  __ _ \ \ \ \
( ( )\___ | '_ | '_| | '_ \/ _` | \ \ \ \
 \\/  ___)| |_)| | | | | || (_| |  ) ) ) )
  '  |____| .__|_| |_|_| |_\__, | / / / /
 =========|_|==============|___/=/_/_/_/
 :: Spring Boot ::                (v3.2.5)

2026-06-12T02:17:10.863+05:30  INFO 45668 --- [           main] com.gigforce.GigForceApplicationTests    : Starting GigForceApplicationTests using Java 21.0.6 with PID 45668 (started by Sandya.Utla in C:\Users\HP\Downloads\gigforce_1)
2026-06-12T02:17:10.865+05:30  INFO 45668 --- [           main] com.gigforce.GigForceApplicationTests    : The following 1 profile is active: "test"
2026-06-12T02:17:12.441+05:30  INFO 45668 --- [           main] .s.d.r.c.RepositoryConfigurationDelegate : Bootstrapping Spring Data JPA repositories in DEFAULT mode.
2026-06-12T02:17:12.738+05:30  INFO 45668 --- [           main] .s.d.r.c.RepositoryConfigurationDelegate : Finished Spring Data repository scanning in 259 ms. Found 17 JPA repository interfaces.
2026-06-12T02:17:14.264+05:30  INFO 45668 --- [           main] o.hibernate.jpa.internal.util.LogHelper  : HHH000204: Processing PersistenceUnitInfo [name: default]
2026-06-12T02:17:14.604+05:30  INFO 45668 --- [           main] org.hibernate.Version                    : HHH000412: Hibernate ORM core version 6.4.4.Final
2026-06-12T02:17:14.656+05:30  INFO 45668 --- [           main] o.h.c.internal.RegionFactoryInitiator    : HHH000026: Second-level cache disabled
2026-06-12T02:17:15.214+05:30  INFO 45668 --- [           main] o.s.o.j.p.SpringPersistenceUnitInfo      : No LoadTimeWeaver setup: ignoring JPA class transformer
2026-06-12T02:17:15.249+05:30  INFO 45668 --- [           main] com.zaxxer.hikari.HikariDataSource       : HikariPool-1 - Starting...
2026-06-12T02:17:15.438+05:30  INFO 45668 --- [           main] com.zaxxer.hikari.pool.HikariPool        : HikariPool-1 - Added connection com.mysql.cj.jdbc.ConnectionImpl@70ee1963
2026-06-12T02:17:15.440+05:30  INFO 45668 --- [           main] com.zaxxer.hikari.HikariDataSource       : HikariPool-1 - Start completed.
2026-06-12T02:17:15.488+05:30  WARN 45668 --- [           main] org.hibernate.orm.deprecation            : HHH90000025: MySQLDialect does not need to be specified explicitly using 'hibernate.dialect' (remove the property setting and it will be selected by default)
2026-06-12T02:17:17.512+05:30  INFO 45668 --- [           main] o.h.e.t.j.p.i.JtaPlatformInitiator       : HHH000489: No JTA platform available (set 'hibernate.transaction.jta.platform' to enable JTA platform integration)
Hibernate: 
    create table assignment_amendments (
        assignment_amendment_id varchar(255) not null,
        created_at datetime(6) not null,
        created_by varchar(255),
        updated_at datetime(6),
        updated_by varchar(255),
        amendment_type enum ('EXTENSION','RATE_REVISION','SCOPE_CHANGE','EARLY_TERMINATION') not null,
        effective_date date not null,
        new_value varchar(255) not null,
        remarks varchar(255),
        status enum ('PENDING','APPROVED','REJECTED') not null,
        approved_by_user_id varchar(255),
        assignment_id varchar(255) not null,
        primary key (assignment_amendment_id)
    ) engine=InnoDB
Hibernate: 
    create table assignments (
        assignment_id varchar(255) not null,
        created_at datetime(6) not null,
        created_by varchar(255),
        updated_at datetime(6),
        updated_by varchar(255),
        agreed_rate_per_day decimal(10,2) not null,
        end_date date not null,
        engagement_type varchar(50) not null,
        sow_reference varchar(150),
        start_date date not null,
        status enum ('ACTIVE','EXTENDED','COMPLETED','TERMINATED_EARLY') not null,
        contractor_profile_id varchar(255) not null,
        hiring_manager_user_id varchar(255) not null,
        resource_requisition_id varchar(255),
        vendor_user_id varchar(255),
        vendor_submission_id varchar(255),
        primary key (assignment_id)
    ) engine=InnoDB
Hibernate: 
    create table audit_logs (
        audit_id varchar(255) not null,
        timestamp datetime(6) not null,
        created_by varchar(255),
        updated_at datetime(6),
        updated_by varchar(255),
        action varchar(100) not null,
        description varchar(500),
        entity_id varchar(255),
        entity_type varchar(50) not null,
        user_id varchar(255),
        primary key (audit_id)
    ) engine=InnoDB
Hibernate: 
    create table contractor_absences (
        absence_id varchar(255) not null,
        created_at datetime(6) not null,
        created_by varchar(255),
        updated_at datetime(6),
        updated_by varchar(255),
        absence_type enum ('SICK_LEAVE','CASUAL_LEAVE','EMERGENCY_LEAVE','UNPAID_LEAVE','PUBLIC_HOLIDAY','OTHER') not null,
        approved_date datetime(6),
        duration enum ('FULL_DAY','HALF_DAY') not null,
        end_date date not null,
        reason varchar(500) not null,
        rejection_remarks varchar(255),
        start_date date not null,
        status enum ('PENDING','APPROVED','REJECTED') not null,
        approved_by_id varchar(255),
        assignment_id varchar(255) not null,
        contractor_profile_id varchar(255) not null,
        primary key (absence_id),
        check (start_date <= end_date)
    ) engine=InnoDB
Hibernate: 
    create table contractor_certifications (
        certification_id varchar(255) not null,
        created_at datetime(6) not null,
        created_by varchar(255),
        updated_at datetime(6),
        updated_by varchar(255),
        cert_status enum ('VALID','EXPIRED','REVOKED'),
        certificate_number varchar(100),
        expiry_date date,
        issue_date date not null,
        issuing_authority varchar(150) not null,
        name varchar(150) not null,
        contractor_profile_id varchar(255) not null,
        primary key (certification_id)
    ) engine=InnoDB
Hibernate: 
    create table contractor_profiles (
        contractor_profile_id varchar(255) not null,
        created_at datetime(6) not null,
        created_by varchar(255),
        updated_at datetime(6),
        updated_by varchar(255),
        availability_status enum ('AVAILABLE','ON_ASSIGNMENT','ON_STATUS') not null,
        experience_years integer not null,
        hourly_rate decimal(10,2) not null,
        profile_status enum ('ACTIVE','INACTIVE','BLACKLISTED') not null,
        user_id varchar(255) not null,
        primary key (contractor_profile_id)
    ) engine=InnoDB
Hibernate: 
    create table contractor_skills (
        contractor_skill_id varchar(255) not null,
        created_at datetime(6) not null,
        created_by varchar(255),
        updated_at datetime(6),
        updated_by varchar(255),
        proficiency_level enum ('BEGINNER','INTERMEDIATE','EXPERT') not null,
        years_of_experience integer not null,
        contractor_profile_id varchar(255) not null,
        skill_id varchar(255) not null,
        primary key (contractor_skill_id)
    ) engine=InnoDB
Hibernate: 
    create table engagement_histories (
        engagement_history_id varchar(255) not null,
        created_at datetime(6) not null,
        created_by varchar(255),
        updated_at datetime(6),
        updated_by varchar(255),
        client_name varchar(150) not null,
        end_date date,
        feedback varchar(500),
        rating integer,
        role_title varchar(150) not null,
        start_date date not null,
        contractor_profile_id varchar(255) not null,
        primary key (engagement_history_id)
    ) engine=InnoDB
Hibernate: 
    create table id_sequences (
        prefix varchar(16) not null,
        `'last_value'` bigint,
        primary key (prefix)
    ) engine=InnoDB
Hibernate: 
    create table resource_requisitions (
        resource_requisition_id varchar(255) not null,
        created_at datetime(6) not null,
        created_by varchar(255),
        updated_at datetime(6),
        updated_by varchar(255),
        description TEXT,
        duration varchar(50) not null,
        engagement_type enum ('REMOTE','ONSITE','HYBRID') not null,
        experience_level enum ('JUNIOR','MID','SENIOR') not null,
        max_hourly_rate decimal(10,2) not null,
        min_experience_years integer not null,
        quantity integer not null,
        start_date date not null,
        status enum ('DRAFT','OPEN','FILLED','CANCELLED') not null,
        title varchar(150) not null,
        created_by_user_id varchar(255) not null,
        required_skill_id varchar(255) not null,
        primary key (resource_requisition_id)
    ) engine=InnoDB
Hibernate: 
    create table skills (
        skill_id varchar(255) not null,
        created_at datetime(6) not null,
        created_by varchar(255),
        updated_at datetime(6),
        updated_by varchar(255),
        category varchar(50) not null,
        description varchar(255),
        name varchar(100) not null,
        primary key (skill_id)
    ) engine=InnoDB
Hibernate: 
    create table timesheet_approvals (
        approval_id varchar(64) not null,
        created_at datetime(6) not null,
        created_by varchar(255),
        updated_at datetime(6),
        updated_by varchar(255),
        action varchar(50) not null,
        action_date datetime(6) not null,
        approval_level varchar(50) not null,
        remarks varchar(500),
        approver_id varchar(255) not null,
        timesheet_id varchar(255) not null,
        primary key (approval_id)
    ) engine=InnoDB
Hibernate: 
    create table timesheet_comments (
        comment_id varchar(64) not null,
        created_at datetime(6) not null,
        created_by varchar(255),
        updated_at datetime(6),
        updated_by varchar(255),
        comment_text TEXT not null,
        timesheet_id varchar(255) not null,
        user_id varchar(255) not null,
        primary key (comment_id)
    ) engine=InnoDB
Hibernate: 
    create table timesheet_lines (
        timesheet_line_id varchar(64) not null,
        created_at datetime(6) not null,
        created_by varchar(255),
        updated_at datetime(6),
        updated_by varchar(255),
        activity_desc varchar(255) not null,
        hours_worked DECIMAL(4,2) CHECK (hours_worked >= 0.00) not null,
        overtime_hours DECIMAL(4,2) CHECK (overtime_hours >= 0.00) not null,
        work_date date not null,
        absence_id varchar(255),
        timesheet_id varchar(255) not null,
        primary key (timesheet_line_id)
    ) engine=InnoDB
Hibernate: 
    create table timesheets (
        timesheet_id varchar(255) not null,
        created_at datetime(6) not null,
        created_by varchar(255),
        updated_at datetime(6),
        updated_by varchar(255),
        approved_date datetime(6),
        billable_amount decimal(10,2) not null,
        hours_logged decimal(5,2) not null,
        overtime_logged decimal(5,2) not null,
        payroll_processed_date datetime(6),
        payroll_status enum ('NOT_PROCESSED','PROCESSING','PROCESSED') not null,
        status enum ('DRAFT','SUBMITTED','PENDING_FINANCE','APPROVED','REJECTED','REVISED') not null,
        submitted_date datetime(6),
        week_end_date date not null,
        week_start_date date not null,
        approved_by_finance_id varchar(255),
        approved_by_hiring_manager_id varchar(255),
        assignment_id varchar(255) not null,
        contractor_user_id varchar(255) not null,
        primary key (timesheet_id)
    ) engine=InnoDB
Hibernate: 
    create table users (
        user_id varchar(255) not null,
        created_at datetime(6) not null,
        created_by varchar(255),
        updated_at datetime(6),
        updated_by varchar(255),
        email varchar(255) not null,
        name varchar(100) not null,
        password varchar(255) not null,
        phone varchar(20),
        role enum ('ADMIN','CONTRACTOR','HIRING_MANAGER','VENDOR','VENDOR_MANAGER','FINANCE') not null,
        status enum ('ACTIVE','INACTIVE','SUSPENDED') not null,
        primary key (user_id)
    ) engine=InnoDB
Hibernate: 
    create table vendor_submissions (
        vendor_submission_id varchar(255) not null,
        created_at datetime(6) not null,
        created_by varchar(255),
        updated_at datetime(6),
        updated_by varchar(255),
        proposed_rate decimal(10,2) not null,
        remarks varchar(255),
        status enum ('SUBMITTED','SHORTLISTED','INTERVIEW_SCHEDULED','SELECTED','REJECTED') not null,
        submission_date date not null,
        contractor_profile_id varchar(255) not null,
        resource_requisition_id varchar(255) not null,
        submitted_by_user_id varchar(255) not null,
        primary key (vendor_submission_id)
    ) engine=InnoDB
Hibernate: 
    create index idx_amend_assign_id 
       on assignment_amendments (assignment_id)
Hibernate: 
    create index idx_amend_status 
       on assignment_amendments (status)
Hibernate: 
    create index idx_assign_profile 
       on assignments (contractor_profile_id)
Hibernate: 
    create index idx_assign_status 
       on assignments (status)
Hibernate: 
    create index idx_assign_manager 
       on assignments (hiring_manager_user_id)
Hibernate: 
    create index idx_assign_vendor 
       on assignments (vendor_user_id)
Hibernate: 
    create index idx_assign_submission 
       on assignments (vendor_submission_id)
Hibernate: 
    alter table assignments 
       drop index UK_g0qmfu3rcyl4unmfk5bc2yjnk
Hibernate: 
    alter table assignments 
       add constraint UK_g0qmfu3rcyl4unmfk5bc2yjnk unique (vendor_submission_id)
Hibernate: 
    create index idx_audit_user_id 
       on audit_logs (user_id)
Hibernate: 
    create index idx_audit_timestamp 
       on audit_logs (timestamp)
Hibernate: 
    create index idx_absence_contractor 
       on contractor_absences (contractor_profile_id)
Hibernate: 
    create index idx_absence_assignment 
       on contractor_absences (assignment_id)
Hibernate: 
    create index idx_absence_status 
       on contractor_absences (status)
Hibernate: 
    create index idx_absence_dates 
       on contractor_absences (start_date, end_date)
Hibernate: 
    create index idx_cert_profile_id 
       on contractor_certifications (contractor_profile_id)
Hibernate: 
    create index idx_contractor_user_id 
       on contractor_profiles (user_id)
Hibernate: 
    create index idx_contractor_status 
       on contractor_profiles (profile_status)
Hibernate: 
    alter table contractor_profiles 
       drop index UK_gyjcm0umel0lk96hrl9hq9qmv
Hibernate: 
    alter table contractor_profiles 
       add constraint UK_gyjcm0umel0lk96hrl9hq9qmv unique (user_id)
Hibernate: 
    alter table contractor_skills 
       drop index uc_contractor_profile_skill
Hibernate: 
    alter table contractor_skills 
       add constraint uc_contractor_profile_skill unique (contractor_profile_id, skill_id)
Hibernate: 
    create index idx_engagement_profile_id 
       on engagement_histories (contractor_profile_id)
Hibernate: 
    create index idx_req_skill_id 
       on resource_requisitions (required_skill_id)
Hibernate: 
    create index idx_req_status 
       on resource_requisitions (status)
Hibernate: 
    create index idx_req_created_by 
       on resource_requisitions (created_by_user_id)
Hibernate: 
    create index idx_skill_name 
       on skills (name)
Hibernate: 
    alter table skills 
       drop index UK_85woe63nu9klkk9fa73vf0jd0
Hibernate: 
    alter table skills 
       add constraint UK_85woe63nu9klkk9fa73vf0jd0 unique (name)
Hibernate: 
    create index idx_approval_timesheet 
       on timesheet_approvals (timesheet_id)
Hibernate: 
    create index idx_comment_timesheet 
       on timesheet_comments (timesheet_id)
Hibernate: 
    create index idx_line_date 
       on timesheet_lines (work_date)
Hibernate: 
    alter table timesheet_lines 
       drop index uq_timesheet_work_date
Hibernate: 
    alter table timesheet_lines 
       add constraint uq_timesheet_work_date unique (timesheet_id, work_date)
Hibernate: 
    create index idx_timesheet_status 
       on timesheets (status)
Hibernate: 
    create index idx_timesheet_assignment 
       on timesheets (assignment_id)
Hibernate: 
    create index idx_timesheet_contractor 
       on timesheets (contractor_user_id)
Hibernate: 
    create index idx_timesheet_week 
       on timesheets (week_start_date)
Hibernate: 
    create index idx_timesheet_payroll_status 
       on timesheets (payroll_status)
Hibernate: 
    alter table timesheets 
       drop index uq_contractor_assignment_week
Hibernate: 
    alter table timesheets 
       add constraint uq_contractor_assignment_week unique (contractor_user_id, assignment_id, week_start_date)
Hibernate: 
    create index idx_user_email 
       on users (email)
Hibernate: 
    create index idx_user_role 
       on users (role)
Hibernate: 
    create index idx_user_status 
       on users (status)
Hibernate: 
    alter table users 
       drop index UK_6dotkott2kjsp8vw4d0m25fb7
Hibernate: 
    alter table users 
       add constraint UK_6dotkott2kjsp8vw4d0m25fb7 unique (email)
Hibernate: 
    create index idx_sub_req_id 
       on vendor_submissions (resource_requisition_id)
Hibernate: 
    create index idx_sub_profile_id 
       on vendor_submissions (contractor_profile_id)
Hibernate: 
    create index idx_sub_status 
       on vendor_submissions (status)
Hibernate: 
    alter table vendor_submissions 
       drop index uc_requisition_contractor
Hibernate: 
    alter table vendor_submissions 
       add constraint uc_requisition_contractor unique (resource_requisition_id, contractor_profile_id)
Hibernate: 
    alter table assignment_amendments 
       add constraint FKgh5fpruh9ag02tgnog44wpp1m 
       foreign key (approved_by_user_id) 
       references users (user_id)
Hibernate: 
    alter table assignment_amendments 
       add constraint FKgeht7glyp9lshj73pcfb055dw 
       foreign key (assignment_id) 
       references assignments (assignment_id)
Hibernate: 
    alter table assignments 
       add constraint FKreyqj0yr2m1h3klhesavbcd8a 
       foreign key (contractor_profile_id) 
       references contractor_profiles (contractor_profile_id)
Hibernate: 
    alter table assignments 
       add constraint FKl53jtp3no3e4onyxrjkemvugh 
       foreign key (hiring_manager_user_id) 
       references users (user_id)
Hibernate: 
    alter table assignments 
       add constraint FKgafjyg6cbl85ue15woylm300 
       foreign key (resource_requisition_id) 
       references resource_requisitions (resource_requisition_id)
Hibernate: 
    alter table assignments 
       add constraint FK2hlepaktjfpd6r57y1ynjymcr 
       foreign key (vendor_user_id) 
       references users (user_id)
Hibernate: 
    alter table assignments 
       add constraint FK1nkhvadod7k4w5vraegvpgrby 
       foreign key (vendor_submission_id) 
       references vendor_submissions (vendor_submission_id)
Hibernate: 
    alter table contractor_absences 
       add constraint FKdh7sihqj69gysblvjsh5llv7w 
       foreign key (approved_by_id) 
       references users (user_id)
Hibernate: 
    alter table contractor_absences 
       add constraint FKjakcadw5xe1eluiar9umfn7l6 
       foreign key (assignment_id) 
       references assignments (assignment_id)
Hibernate: 
    alter table contractor_absences 
       add constraint FK4jrs4dvr3rbdhspyvh9ec1fyd 
       foreign key (contractor_profile_id) 
       references contractor_profiles (contractor_profile_id)
Hibernate: 
    alter table contractor_certifications 
       add constraint FK1wncbrl301ro7jea7q7dw8o2y 
       foreign key (contractor_profile_id) 
       references contractor_profiles (contractor_profile_id)
Hibernate: 
    alter table contractor_profiles 
       add constraint FK7yqxtcflpc6i4khddk39eebg 
       foreign key (user_id) 
       references users (user_id)
Hibernate: 
    alter table contractor_skills 
       add constraint FK7vclnx3y44bkbwm9qnxvxn9aw 
       foreign key (contractor_profile_id) 
       references contractor_profiles (contractor_profile_id)
Hibernate: 
    alter table contractor_skills 
       add constraint FKrijqxph1bgsl4apixv55pgjcm 
       foreign key (skill_id) 
       references skills (skill_id)
Hibernate: 
    alter table engagement_histories 
       add constraint FKfxuxsomy6r2m7fcsm55jb792r 
       foreign key (contractor_profile_id) 
       references contractor_profiles (contractor_profile_id)
Hibernate: 
    alter table resource_requisitions 
       add constraint FKt4ho49ffppmiqnpalk5gmimo 
       foreign key (created_by_user_id) 
       references users (user_id)
Hibernate: 
    alter table resource_requisitions 
       add constraint FKq0ies17t7xoynsnlmofslq4t6 
       foreign key (required_skill_id) 
       references skills (skill_id)
Hibernate: 
    alter table timesheet_approvals 
       add constraint FKm7m14affqi5vbt6cvbllvqp29 
       foreign key (approver_id) 
       references users (user_id)
Hibernate: 
    alter table timesheet_approvals 
       add constraint FKdxoorbvyrycpg0cs8eygspkgj 
       foreign key (timesheet_id) 
       references timesheets (timesheet_id)
Hibernate: 
    alter table timesheet_comments 
       add constraint FKbs7wv7f1jqslmpdchgqdx4o9e 
       foreign key (timesheet_id) 
       references timesheets (timesheet_id)
Hibernate: 
    alter table timesheet_comments 
       add constraint FKrac1xy94omg3kiwtcx7xnueu6 
       foreign key (user_id) 
       references users (user_id)
Hibernate: 
    alter table timesheet_lines 
       add constraint FKf3yyfx23xjrp98uq1921ntwyp 
       foreign key (absence_id) 
       references contractor_absences (absence_id)
Hibernate: 
    alter table timesheet_lines 
       add constraint FK3yome6ij1t3rq5l3oy6ve8uqj 
       foreign key (timesheet_id) 
       references timesheets (timesheet_id)
Hibernate: 
    alter table timesheets 
       add constraint FKjrxwyl184lr76byd4mw7a8uxa 
       foreign key (approved_by_finance_id) 
       references users (user_id)
Hibernate: 
    alter table timesheets 
       add constraint FK4k81rt5o681aoslwmc2b1pcx 
       foreign key (approved_by_hiring_manager_id) 
       references users (user_id)
Hibernate: 
    alter table timesheets 
       add constraint FKmktk67nox9xd2jlmdjqcas8mc 
       foreign key (assignment_id) 
       references assignments (assignment_id)
Hibernate: 
    alter table timesheets 
       add constraint FKo5wcpitiet3ohundqru6xxl5h 
       foreign key (contractor_user_id) 
       references users (user_id)
Hibernate: 
    alter table vendor_submissions 
       add constraint FKcx1bd0ku2ybd8tai3l8m3xfwy 
       foreign key (contractor_profile_id) 
       references contractor_profiles (contractor_profile_id)
Hibernate: 
    alter table vendor_submissions 
       add constraint FKqkoioo6yq1921o0gi5ywv8qvr 
       foreign key (resource_requisition_id) 
       references resource_requisitions (resource_requisition_id)
Hibernate: 
    alter table vendor_submissions 
       add constraint FKg7wl0lfs0gbcyxakh3do79o9s 
       foreign key (submitted_by_user_id) 
       references users (user_id)
2026-06-12T02:17:20.747+05:30  INFO 45668 --- [           main] j.LocalContainerEntityManagerFactoryBean : Initialized JPA EntityManagerFactory for persistence unit 'default'
2026-06-12T02:17:21.234+05:30  INFO 45668 --- [           main] o.s.d.j.r.query.QueryEnhancerFactory     : Hibernate is in classpath; If applicable, HQL parser will be used.
2026-06-12T02:17:23.401+05:30  WARN 45668 --- [           main] JpaBaseConfiguration$JpaWebConfiguration : spring.jpa.open-in-view is enabled by default. Therefore, database queries may be performed during view rendering. Explicitly configure spring.jpa.open-in-view to disable this warning
2026-06-12T02:17:24.105+05:30  INFO 45668 --- [           main] o.s.s.web.DefaultSecurityFilterChain     : Will secure any request with [org.springframework.security.web.session.DisableEncodeUrlFilter@4b89b14a, org.springframework.security.web.context.request.async.WebAsyncManagerIntegrationFilter@6f139a8f, org.springframework.security.web.context.SecurityContextHolderFilter@7b6b3ed6, org.springframework.security.web.header.HeaderWriterFilter@617275e0, org.springframework.security.web.authentication.logout.LogoutFilter@4f6d3889, com.gigforce.security.JwtAuthenticationFilter@36142b6e, org.springframework.security.web.savedrequest.RequestCacheAwareFilter@68e4b277, org.springframework.security.web.servletapi.SecurityContextHolderAwareRequestFilter@4eab4474, org.springframework.security.web.authentication.AnonymousAuthenticationFilter@7cf517f6, org.springframework.security.web.session.SessionManagementFilter@6317f6d, org.springframework.security.web.access.ExceptionTranslationFilter@41c77861, org.springframework.security.web.access.intercept.AuthorizationFilter@7a5bccb8]
2026-06-12T02:17:24.761+05:30  INFO 45668 --- [           main] o.s.b.t.m.w.SpringBootMockServletContext : Initializing Spring TestDispatcherServlet ''
2026-06-12T02:17:24.762+05:30  INFO 45668 --- [           main] o.s.t.web.servlet.TestDispatcherServlet  : Initializing Servlet ''
2026-06-12T02:17:24.763+05:30  INFO 45668 --- [           main] o.s.t.web.servlet.TestDispatcherServlet  : Completed initialization in 1 ms
2026-06-12T02:17:24.792+05:30  INFO 45668 --- [           main] com.gigforce.GigForceApplicationTests    : Started GigForceApplicationTests in 14.255 seconds (process running for 15.698)
Hibernate: 
    select
        u1_0.user_id 
    from
        users u1_0 
    where
        u1_0.email=? 
    limit
        ?
Hibernate: 
    select
        is1_0.prefix,
        is1_0.`'last_value'` 
    from
        id_sequences is1_0 
    where
        is1_0.prefix=?
Hibernate: 
    select
        is1_0.prefix,
        is1_0.`'last_value'` 
    from
        id_sequences is1_0 
    where
        is1_0.prefix=?
Seeded Default Admin User: admin@gigforce.com
Hibernate: 
    select
        is1_0.prefix,
        is1_0.`'last_value'` 
    from
        id_sequences is1_0 
    where
        is1_0.prefix=?
Hibernate: 
    select
        is1_0.prefix,
        is1_0.`'last_value'` 
    from
        id_sequences is1_0 
    where
        is1_0.prefix=?
Hibernate: 
    insert 
    into
        id_sequences
        (`'last_value'`, prefix) 
    values
        (?, ?)
Hibernate: 
    insert 
    into
        users
        (created_at, created_by, email, name, password, phone, role, status, updated_at, updated_by, user_id) 
    values
        (?, ?, ?, ?, ?, ?, ?, ?, ?, ?, ?)
Hibernate: 
    insert 
    into
        id_sequences
        (`'last_value'`, prefix) 
    values
        (?, ?)
Hibernate: 
    insert 
    into
        audit_logs
        (action, timestamp, created_by, description, entity_id, entity_type, updated_at, updated_by, user_id, audit_id) 
    values
        (?, ?, ?, ?, ?, ?, ?, ?, ?, ?)
Hibernate: 
    select
        eh1_0.engagement_history_id,
        eh1_0.client_name,
        eh1_0.contractor_profile_id,
        eh1_0.created_at,
        eh1_0.created_by,
        eh1_0.end_date,
        eh1_0.feedback,
        eh1_0.rating,
        eh1_0.role_title,
        eh1_0.start_date,
        eh1_0.updated_at,
        eh1_0.updated_by 
    from
        engagement_histories eh1_0
Hibernate: 
    select
        cc1_0.certification_id,
        cc1_0.cert_status,
        cc1_0.certificate_number,
        cc1_0.contractor_profile_id,
        cc1_0.created_at,
        cc1_0.created_by,
        cc1_0.expiry_date,
        cc1_0.issue_date,
        cc1_0.issuing_authority,
        cc1_0.name,
        cc1_0.updated_at,
        cc1_0.updated_by 
    from
        contractor_certifications cc1_0
Hibernate: 
    select
        t1_0.timesheet_id,
        t1_0.approved_by_finance_id,
        t1_0.approved_by_hiring_manager_id,
        t1_0.approved_date,
        t1_0.assignment_id,
        t1_0.billable_amount,
        t1_0.contractor_user_id,
        t1_0.created_at,
        t1_0.created_by,
        t1_0.hours_logged,
        t1_0.overtime_logged,
        t1_0.payroll_processed_date,
        t1_0.payroll_status,
        t1_0.status,
        t1_0.submitted_date,
        t1_0.updated_at,
        t1_0.updated_by,
        t1_0.week_end_date,
        t1_0.week_start_date 
    from
        timesheets t1_0
Hibernate: 
    select
        ca1_0.absence_id,
        ca1_0.absence_type,
        ca1_0.approved_by_id,
        ca1_0.approved_date,
        ca1_0.assignment_id,
        ca1_0.contractor_profile_id,
        ca1_0.created_at,
        ca1_0.created_by,
        ca1_0.duration,
        ca1_0.end_date,
        ca1_0.reason,
        ca1_0.rejection_remarks,
        ca1_0.start_date,
        ca1_0.status,
        ca1_0.updated_at,
        ca1_0.updated_by 
    from
        contractor_absences ca1_0
Hibernate: 
    select
        aa1_0.assignment_amendment_id,
        aa1_0.amendment_type,
        aa1_0.approved_by_user_id,
        aa1_0.assignment_id,
        aa1_0.created_at,
        aa1_0.created_by,
        aa1_0.effective_date,
        aa1_0.new_value,
        aa1_0.remarks,
        aa1_0.status,
        aa1_0.updated_at,
        aa1_0.updated_by 
    from
        assignment_amendments aa1_0
Hibernate: 
    select
        a1_0.assignment_id,
        a1_0.agreed_rate_per_day,
        a1_0.contractor_profile_id,
        a1_0.created_at,
        a1_0.created_by,
        a1_0.end_date,
        a1_0.engagement_type,
        a1_0.hiring_manager_user_id,
        a1_0.resource_requisition_id,
        a1_0.sow_reference,
        a1_0.start_date,
        a1_0.status,
        a1_0.updated_at,
        a1_0.updated_by,
        a1_0.vendor_user_id,
        a1_0.vendor_submission_id 
    from
        assignments a1_0
Hibernate: 
    select
        vs1_0.vendor_submission_id,
        vs1_0.contractor_profile_id,
        vs1_0.created_at,
        vs1_0.created_by,
        vs1_0.proposed_rate,
        vs1_0.remarks,
        vs1_0.resource_requisition_id,
        vs1_0.status,
        vs1_0.submission_date,
        vs1_0.submitted_by_user_id,
        vs1_0.updated_at,
        vs1_0.updated_by 
    from
        vendor_submissions vs1_0
Hibernate: 
    select
        rr1_0.resource_requisition_id,
        rr1_0.created_at,
        rr1_0.created_by,
        rr1_0.created_by_user_id,
        rr1_0.description,
        rr1_0.duration,
        rr1_0.engagement_type,
        rr1_0.experience_level,
        rr1_0.max_hourly_rate,
        rr1_0.min_experience_years,
        rr1_0.quantity,
        rr1_0.required_skill_id,
        rr1_0.start_date,
        rr1_0.status,
        rr1_0.title,
        rr1_0.updated_at,
        rr1_0.updated_by 
    from
        resource_requisitions rr1_0
Hibernate: 
    select
        cs1_0.contractor_skill_id,
        cs1_0.contractor_profile_id,
        cs1_0.created_at,
        cs1_0.created_by,
        cs1_0.proficiency_level,
        cs1_0.skill_id,
        cs1_0.updated_at,
        cs1_0.updated_by,
        cs1_0.years_of_experience 
    from
        contractor_skills cs1_0
Hibernate: 
    select
        cp1_0.contractor_profile_id,
        cp1_0.availability_status,
        cp1_0.created_at,
        cp1_0.created_by,
        cp1_0.experience_years,
        cp1_0.hourly_rate,
        cp1_0.profile_status,
        cp1_0.updated_at,
        cp1_0.updated_by,
        cp1_0.user_id 
    from
        contractor_profiles cp1_0
Hibernate: 
    select
        s1_0.skill_id,
        s1_0.category,
        s1_0.created_at,
        s1_0.created_by,
        s1_0.description,
        s1_0.name,
        s1_0.updated_at,
        s1_0.updated_by 
    from
        skills s1_0
Hibernate: 
    select
        u1_0.user_id,
        u1_0.created_at,
        u1_0.created_by,
        u1_0.email,
        u1_0.name,
        u1_0.password,
        u1_0.phone,
        u1_0.role,
        u1_0.status,
        u1_0.updated_at,
        u1_0.updated_by 
    from
        users u1_0
Hibernate: 
    delete 
    from
        users 
    where
        user_id=?
Hibernate: 
    select
        is1_0.prefix,
        is1_0.`'last_value'` 
    from
        id_sequences is1_0 
    where
        is1_0.prefix=?
Hibernate: 
    select
        is1_0.prefix,
        is1_0.`'last_value'` 
    from
        id_sequences is1_0 
    where
        is1_0.prefix=?
Hibernate: 
    select
        is1_0.prefix,
        is1_0.`'last_value'` 
    from
        id_sequences is1_0 
    where
        is1_0.prefix=?
Hibernate: 
    select
        is1_0.prefix,
        is1_0.`'last_value'` 
    from
        id_sequences is1_0 
    where
        is1_0.prefix=?
Hibernate: 
    select
        is1_0.prefix,
        is1_0.`'last_value'` 
    from
        id_sequences is1_0 
    where
        is1_0.prefix=?
Hibernate: 
    select
        is1_0.prefix,
        is1_0.`'last_value'` 
    from
        id_sequences is1_0 
    where
        is1_0.prefix=?
Hibernate: 
    select
        is1_0.prefix,
        is1_0.`'last_value'` 
    from
        id_sequences is1_0 
    where
        is1_0.prefix=?
Hibernate: 
    select
        is1_0.prefix,
        is1_0.`'last_value'` 
    from
        id_sequences is1_0 
    where
        is1_0.prefix=?
Hibernate: 
    select
        is1_0.prefix,
        is1_0.`'last_value'` 
    from
        id_sequences is1_0 
    where
        is1_0.prefix=?
Hibernate: 
    select
        is1_0.prefix,
        is1_0.`'last_value'` 
    from
        id_sequences is1_0 
    where
        is1_0.prefix=?
Hibernate: 
    select
        is1_0.prefix,
        is1_0.`'last_value'` 
    from
        id_sequences is1_0 
    where
        is1_0.prefix=?
Hibernate: 
    select
        is1_0.prefix,
        is1_0.`'last_value'` 
    from
        id_sequences is1_0 
    where
        is1_0.prefix=?
Hibernate: 
    select
        is1_0.prefix,
        is1_0.`'last_value'` 
    from
        id_sequences is1_0 
    where
        is1_0.prefix=?
Hibernate: 
    select
        is1_0.prefix,
        is1_0.`'last_value'` 
    from
        id_sequences is1_0 
    where
        is1_0.prefix=?
Hibernate: 
    select
        is1_0.prefix,
        is1_0.`'last_value'` 
    from
        id_sequences is1_0 
    where
        is1_0.prefix=?
Hibernate: 
    select
        is1_0.prefix,
        is1_0.`'last_value'` 
    from
        id_sequences is1_0 
    where
        is1_0.prefix=?
Hibernate: 
    select
        is1_0.prefix,
        is1_0.`'last_value'` 
    from
        id_sequences is1_0 
    where
        is1_0.prefix=?
Hibernate: 
    select
        is1_0.prefix,
        is1_0.`'last_value'` 
    from
        id_sequences is1_0 
    where
        is1_0.prefix=?
Hibernate: 
    select
        is1_0.prefix,
        is1_0.`'last_value'` 
    from
        id_sequences is1_0 
    where
        is1_0.prefix=?
Hibernate: 
    insert 
    into
        id_sequences
        (`'last_value'`, prefix) 
    values
        (?, ?)
Hibernate: 
    insert 
    into
        skills
        (category, created_at, created_by, description, name, updated_at, updated_by, skill_id) 
    values
        (?, ?, ?, ?, ?, ?, ?, ?)
Hibernate: 
    insert 
    into
        id_sequences
        (`'last_value'`, prefix) 
    values
        (?, ?)
Hibernate: 
    insert 
    into
        users
        (created_at, created_by, email, name, password, phone, role, status, updated_at, updated_by, user_id) 
    values
        (?, ?, ?, ?, ?, ?, ?, ?, ?, ?, ?)
Hibernate: 
    insert 
    into
        id_sequences
        (`'last_value'`, prefix) 
    values
        (?, ?)
Hibernate: 
    insert 
    into
        users
        (created_at, created_by, email, name, password, phone, role, status, updated_at, updated_by, user_id) 
    values
        (?, ?, ?, ?, ?, ?, ?, ?, ?, ?, ?)
Hibernate: 
    insert 
    into
        id_sequences
        (`'last_value'`, prefix) 
    values
        (?, ?)
Hibernate: 
    insert 
    into
        users
        (created_at, created_by, email, name, password, phone, role, status, updated_at, updated_by, user_id) 
    values
        (?, ?, ?, ?, ?, ?, ?, ?, ?, ?, ?)
Hibernate: 
    insert 
    into
        users
        (created_at, created_by, email, name, password, phone, role, status, updated_at, updated_by, user_id) 
    values
        (?, ?, ?, ?, ?, ?, ?, ?, ?, ?, ?)
Hibernate: 
    insert 
    into
        id_sequences
        (`'last_value'`, prefix) 
    values
        (?, ?)
Hibernate: 
    insert 
    into
        users
        (created_at, created_by, email, name, password, phone, role, status, updated_at, updated_by, user_id) 
    values
        (?, ?, ?, ?, ?, ?, ?, ?, ?, ?, ?)
Hibernate: 
    insert 
    into
        id_sequences
        (`'last_value'`, prefix) 
    values
        (?, ?)
Hibernate: 
    insert 
    into
        contractor_profiles
        (availability_status, created_at, created_by, experience_years, hourly_rate, profile_status, updated_at, updated_by, user_id, contractor_profile_id) 
    values
        (?, ?, ?, ?, ?, ?, ?, ?, ?, ?)
Hibernate: 
    insert 
    into
        id_sequences
        (`'last_value'`, prefix) 
    values
        (?, ?)
Hibernate: 
    insert 
    into
        resource_requisitions
        (created_at, created_by, created_by_user_id, description, duration, engagement_type, experience_level, max_hourly_rate, min_experience_years, quantity, required_skill_id, start_date, status, title, updated_at, updated_by, resource_requisition_id) 
    values
        (?, ?, ?, ?, ?, ?, ?, ?, ?, ?, ?, ?, ?, ?, ?, ?, ?)
Hibernate: 
    insert 
    into
        id_sequences
        (`'last_value'`, prefix) 
    values
        (?, ?)
Hibernate: 
    insert 
    into
        vendor_submissions
        (contractor_profile_id, created_at, created_by, proposed_rate, remarks, resource_requisition_id, status, submission_date, submitted_by_user_id, updated_at, updated_by, vendor_submission_id) 
    values
        (?, ?, ?, ?, ?, ?, ?, ?, ?, ?, ?, ?)
Hibernate: 
    insert 
    into
        id_sequences
        (`'last_value'`, prefix) 
    values
        (?, ?)
Hibernate: 
    insert 
    into
        assignments
        (agreed_rate_per_day, contractor_profile_id, created_at, created_by, end_date, engagement_type, hiring_manager_user_id, resource_requisition_id, sow_reference, start_date, status, updated_at, updated_by, vendor_user_id, vendor_submission_id, assignment_id) 
    values
        (?, ?, ?, ?, ?, ?, ?, ?, ?, ?, ?, ?, ?, ?, ?, ?)
Hibernate: 
    update
        id_sequences 
    set
        `'last_value'`=? 
    where
        prefix=?
Hibernate: 
    update
        vendor_submissions 
    set
        contractor_profile_id=?,
        proposed_rate=?,
        remarks=?,
        resource_requisition_id=?,
        status=?,
        submission_date=?,
        submitted_by_user_id=?,
        updated_at=?,
        updated_by=? 
    where
        vendor_submission_id=?
Hibernate: 
    select
        u1_0.user_id,
        u1_0.created_at,
        u1_0.created_by,
        u1_0.email,
        u1_0.name,
        u1_0.password,
        u1_0.phone,
        u1_0.role,
        u1_0.status,
        u1_0.updated_at,
        u1_0.updated_by 
    from
        users u1_0 
    where
        u1_0.email=?
Hibernate: 
    select
        ca1_0.absence_id,
        ca1_0.absence_type,
        ca1_0.approved_by_id,
        ca1_0.approved_date,
        ca1_0.assignment_id,
        ca1_0.contractor_profile_id,
        ca1_0.created_at,
        ca1_0.created_by,
        ca1_0.duration,
        ca1_0.end_date,
        ca1_0.reason,
        ca1_0.rejection_remarks,
        ca1_0.start_date,
        ca1_0.status,
        ca1_0.updated_at,
        ca1_0.updated_by 
    from
        contractor_absences ca1_0 
    where
        ca1_0.contractor_profile_id=? 
        and ca1_0.status in (?, ?) 
        and ca1_0.start_date<=? 
        and ca1_0.end_date>=?
Hibernate: 
    select
        is1_0.prefix,
        is1_0.`'last_value'` 
    from
        id_sequences is1_0 
    where
        is1_0.prefix=?
Hibernate: 
    select
        is1_0.prefix,
        is1_0.`'last_value'` 
    from
        id_sequences is1_0 
    where
        is1_0.prefix=?
Hibernate: 
    select
        is1_0.prefix,
        is1_0.`'last_value'` 
    from
        id_sequences is1_0 
    where
        is1_0.prefix=?
]]></system-out>
    <system-err><![CDATA[WARNING: A Java agent has been loaded dynamically (C:\Users\HP\.m2\repository\net\bytebuddy\byte-buddy-agent\1.14.13\byte-buddy-agent-1.14.13.jar)
WARNING: If a serviceability tool is in use, please run with -XX:+EnableDynamicAgentLoading to hide this warning
WARNING: If a serviceability tool is not in use, please run with -Djdk.instrument.traceUsage for more information
WARNING: Dynamic loading of agents will be disallowed by default in a future release
]]></system-err>
  </testcase>
  <testcase name="testFeedbackOnOngoingEngagementFails" classname="com.gigforce.GigForceApplicationTests" time="0.339">
    <system-out><![CDATA[Hibernate: 
    select
        eh1_0.engagement_history_id,
        eh1_0.client_name,
        eh1_0.contractor_profile_id,
        eh1_0.created_at,
        eh1_0.created_by,
        eh1_0.end_date,
        eh1_0.feedback,
        eh1_0.rating,
        eh1_0.role_title,
        eh1_0.start_date,
        eh1_0.updated_at,
        eh1_0.updated_by 
    from
        engagement_histories eh1_0
Hibernate: 
    select
        cc1_0.certification_id,
        cc1_0.cert_status,
        cc1_0.certificate_number,
        cc1_0.contractor_profile_id,
        cc1_0.created_at,
        cc1_0.created_by,
        cc1_0.expiry_date,
        cc1_0.issue_date,
        cc1_0.issuing_authority,
        cc1_0.name,
        cc1_0.updated_at,
        cc1_0.updated_by 
    from
        contractor_certifications cc1_0
Hibernate: 
    select
        t1_0.timesheet_id,
        t1_0.approved_by_finance_id,
        t1_0.approved_by_hiring_manager_id,
        t1_0.approved_date,
        t1_0.assignment_id,
        t1_0.billable_amount,
        t1_0.contractor_user_id,
        t1_0.created_at,
        t1_0.created_by,
        t1_0.hours_logged,
        t1_0.overtime_logged,
        t1_0.payroll_processed_date,
        t1_0.payroll_status,
        t1_0.status,
        t1_0.submitted_date,
        t1_0.updated_at,
        t1_0.updated_by,
        t1_0.week_end_date,
        t1_0.week_start_date 
    from
        timesheets t1_0
Hibernate: 
    select
        ca1_0.absence_id,
        ca1_0.absence_type,
        ca1_0.approved_by_id,
        ca1_0.approved_date,
        ca1_0.assignment_id,
        ca1_0.contractor_profile_id,
        ca1_0.created_at,
        ca1_0.created_by,
        ca1_0.duration,
        ca1_0.end_date,
        ca1_0.reason,
        ca1_0.rejection_remarks,
        ca1_0.start_date,
        ca1_0.status,
        ca1_0.updated_at,
        ca1_0.updated_by 
    from
        contractor_absences ca1_0
Hibernate: 
    select
        aa1_0.assignment_amendment_id,
        aa1_0.amendment_type,
        aa1_0.approved_by_user_id,
        aa1_0.assignment_id,
        aa1_0.created_at,
        aa1_0.created_by,
        aa1_0.effective_date,
        aa1_0.new_value,
        aa1_0.remarks,
        aa1_0.status,
        aa1_0.updated_at,
        aa1_0.updated_by 
    from
        assignment_amendments aa1_0
Hibernate: 
    select
        a1_0.assignment_id,
        a1_0.agreed_rate_per_day,
        a1_0.contractor_profile_id,
        a1_0.created_at,
        a1_0.created_by,
        a1_0.end_date,
        a1_0.engagement_type,
        a1_0.hiring_manager_user_id,
        a1_0.resource_requisition_id,
        a1_0.sow_reference,
        a1_0.start_date,
        a1_0.status,
        a1_0.updated_at,
        a1_0.updated_by,
        a1_0.vendor_user_id,
        a1_0.vendor_submission_id 
    from
        assignments a1_0
Hibernate: 
    select
        vs1_0.vendor_submission_id,
        vs1_0.contractor_profile_id,
        vs1_0.created_at,
        vs1_0.created_by,
        vs1_0.proposed_rate,
        vs1_0.remarks,
        vs1_0.resource_requisition_id,
        vs1_0.status,
        vs1_0.submission_date,
        vs1_0.submitted_by_user_id,
        vs1_0.updated_at,
        vs1_0.updated_by 
    from
        vendor_submissions vs1_0
Hibernate: 
    select
        rr1_0.resource_requisition_id,
        rr1_0.created_at,
        rr1_0.created_by,
        rr1_0.created_by_user_id,
        rr1_0.description,
        rr1_0.duration,
        rr1_0.engagement_type,
        rr1_0.experience_level,
        rr1_0.max_hourly_rate,
        rr1_0.min_experience_years,
        rr1_0.quantity,
        rr1_0.required_skill_id,
        rr1_0.start_date,
        rr1_0.status,
        rr1_0.title,
        rr1_0.updated_at,
        rr1_0.updated_by 
    from
        resource_requisitions rr1_0
Hibernate: 
    select
        cs1_0.contractor_skill_id,
        cs1_0.contractor_profile_id,
        cs1_0.created_at,
        cs1_0.created_by,
        cs1_0.proficiency_level,
        cs1_0.skill_id,
        cs1_0.updated_at,
        cs1_0.updated_by,
        cs1_0.years_of_experience 
    from
        contractor_skills cs1_0
Hibernate: 
    select
        cp1_0.contractor_profile_id,
        cp1_0.availability_status,
        cp1_0.created_at,
        cp1_0.created_by,
        cp1_0.experience_years,
        cp1_0.hourly_rate,
        cp1_0.profile_status,
        cp1_0.updated_at,
        cp1_0.updated_by,
        cp1_0.user_id 
    from
        contractor_profiles cp1_0
Hibernate: 
    select
        s1_0.skill_id,
        s1_0.category,
        s1_0.created_at,
        s1_0.created_by,
        s1_0.description,
        s1_0.name,
        s1_0.updated_at,
        s1_0.updated_by 
    from
        skills s1_0
Hibernate: 
    select
        u1_0.user_id,
        u1_0.created_at,
        u1_0.created_by,
        u1_0.email,
        u1_0.name,
        u1_0.password,
        u1_0.phone,
        u1_0.role,
        u1_0.status,
        u1_0.updated_at,
        u1_0.updated_by 
    from
        users u1_0
Hibernate: 
    delete 
    from
        users 
    where
        user_id=?
Hibernate: 
    select
        is1_0.prefix,
        is1_0.`'last_value'` 
    from
        id_sequences is1_0 
    where
        is1_0.prefix=?
Hibernate: 
    select
        is1_0.prefix,
        is1_0.`'last_value'` 
    from
        id_sequences is1_0 
    where
        is1_0.prefix=?
Hibernate: 
    select
        is1_0.prefix,
        is1_0.`'last_value'` 
    from
        id_sequences is1_0 
    where
        is1_0.prefix=?
Hibernate: 
    select
        is1_0.prefix,
        is1_0.`'last_value'` 
    from
        id_sequences is1_0 
    where
        is1_0.prefix=?
Hibernate: 
    select
        is1_0.prefix,
        is1_0.`'last_value'` 
    from
        id_sequences is1_0 
    where
        is1_0.prefix=?
Hibernate: 
    select
        is1_0.prefix,
        is1_0.`'last_value'` 
    from
        id_sequences is1_0 
    where
        is1_0.prefix=?
Hibernate: 
    select
        is1_0.prefix,
        is1_0.`'last_value'` 
    from
        id_sequences is1_0 
    where
        is1_0.prefix=?
Hibernate: 
    select
        is1_0.prefix,
        is1_0.`'last_value'` 
    from
        id_sequences is1_0 
    where
        is1_0.prefix=?
Hibernate: 
    select
        is1_0.prefix,
        is1_0.`'last_value'` 
    from
        id_sequences is1_0 
    where
        is1_0.prefix=?
Hibernate: 
    select
        is1_0.prefix,
        is1_0.`'last_value'` 
    from
        id_sequences is1_0 
    where
        is1_0.prefix=?
Hibernate: 
    select
        is1_0.prefix,
        is1_0.`'last_value'` 
    from
        id_sequences is1_0 
    where
        is1_0.prefix=?
Hibernate: 
    select
        is1_0.prefix,
        is1_0.`'last_value'` 
    from
        id_sequences is1_0 
    where
        is1_0.prefix=?
Hibernate: 
    select
        is1_0.prefix,
        is1_0.`'last_value'` 
    from
        id_sequences is1_0 
    where
        is1_0.prefix=?
Hibernate: 
    select
        is1_0.prefix,
        is1_0.`'last_value'` 
    from
        id_sequences is1_0 
    where
        is1_0.prefix=?
Hibernate: 
    select
        is1_0.prefix,
        is1_0.`'last_value'` 
    from
        id_sequences is1_0 
    where
        is1_0.prefix=?
Hibernate: 
    select
        is1_0.prefix,
        is1_0.`'last_value'` 
    from
        id_sequences is1_0 
    where
        is1_0.prefix=?
Hibernate: 
    select
        is1_0.prefix,
        is1_0.`'last_value'` 
    from
        id_sequences is1_0 
    where
        is1_0.prefix=?
Hibernate: 
    insert 
    into
        id_sequences
        (`'last_value'`, prefix) 
    values
        (?, ?)
Hibernate: 
    insert 
    into
        skills
        (category, created_at, created_by, description, name, updated_at, updated_by, skill_id) 
    values
        (?, ?, ?, ?, ?, ?, ?, ?)
Hibernate: 
    insert 
    into
        id_sequences
        (`'last_value'`, prefix) 
    values
        (?, ?)
Hibernate: 
    insert 
    into
        users
        (created_at, created_by, email, name, password, phone, role, status, updated_at, updated_by, user_id) 
    values
        (?, ?, ?, ?, ?, ?, ?, ?, ?, ?, ?)
Hibernate: 
    insert 
    into
        id_sequences
        (`'last_value'`, prefix) 
    values
        (?, ?)
Hibernate: 
    insert 
    into
        users
        (created_at, created_by, email, name, password, phone, role, status, updated_at, updated_by, user_id) 
    values
        (?, ?, ?, ?, ?, ?, ?, ?, ?, ?, ?)
Hibernate: 
    insert 
    into
        id_sequences
        (`'last_value'`, prefix) 
    values
        (?, ?)
Hibernate: 
    insert 
    into
        users
        (created_at, created_by, email, name, password, phone, role, status, updated_at, updated_by, user_id) 
    values
        (?, ?, ?, ?, ?, ?, ?, ?, ?, ?, ?)
Hibernate: 
    insert 
    into
        users
        (created_at, created_by, email, name, password, phone, role, status, updated_at, updated_by, user_id) 
    values
        (?, ?, ?, ?, ?, ?, ?, ?, ?, ?, ?)
Hibernate: 
    insert 
    into
        id_sequences
        (`'last_value'`, prefix) 
    values
        (?, ?)
Hibernate: 
    insert 
    into
        users
        (created_at, created_by, email, name, password, phone, role, status, updated_at, updated_by, user_id) 
    values
        (?, ?, ?, ?, ?, ?, ?, ?, ?, ?, ?)
Hibernate: 
    insert 
    into
        id_sequences
        (`'last_value'`, prefix) 
    values
        (?, ?)
Hibernate: 
    insert 
    into
        contractor_profiles
        (availability_status, created_at, created_by, experience_years, hourly_rate, profile_status, updated_at, updated_by, user_id, contractor_profile_id) 
    values
        (?, ?, ?, ?, ?, ?, ?, ?, ?, ?)
Hibernate: 
    insert 
    into
        id_sequences
        (`'last_value'`, prefix) 
    values
        (?, ?)
Hibernate: 
    insert 
    into
        resource_requisitions
        (created_at, created_by, created_by_user_id, description, duration, engagement_type, experience_level, max_hourly_rate, min_experience_years, quantity, required_skill_id, start_date, status, title, updated_at, updated_by, resource_requisition_id) 
    values
        (?, ?, ?, ?, ?, ?, ?, ?, ?, ?, ?, ?, ?, ?, ?, ?, ?)
Hibernate: 
    insert 
    into
        id_sequences
        (`'last_value'`, prefix) 
    values
        (?, ?)
Hibernate: 
    insert 
    into
        vendor_submissions
        (contractor_profile_id, created_at, created_by, proposed_rate, remarks, resource_requisition_id, status, submission_date, submitted_by_user_id, updated_at, updated_by, vendor_submission_id) 
    values
        (?, ?, ?, ?, ?, ?, ?, ?, ?, ?, ?, ?)
Hibernate: 
    update
        id_sequences 
    set
        `'last_value'`=? 
    where
        prefix=?
Hibernate: 
    select
        cs1_0.contractor_skill_id,
        cs1_0.contractor_profile_id,
        cs1_0.created_at,
        cs1_0.created_by,
        cs1_0.proficiency_level,
        cs1_0.skill_id,
        s1_0.skill_id,
        s1_0.category,
        s1_0.created_at,
        s1_0.created_by,
        s1_0.description,
        s1_0.name,
        s1_0.updated_at,
        s1_0.updated_by,
        cs1_0.updated_at,
        cs1_0.updated_by,
        cs1_0.years_of_experience 
    from
        contractor_skills cs1_0 
    left join
        skills s1_0 
            on s1_0.skill_id=cs1_0.skill_id 
    where
        cs1_0.contractor_profile_id=?
Hibernate: 
    select
        is1_0.prefix,
        is1_0.`'last_value'` 
    from
        id_sequences is1_0 
    where
        is1_0.prefix=?
Hibernate: 
    select
        is1_0.prefix,
        is1_0.`'last_value'` 
    from
        id_sequences is1_0 
    where
        is1_0.prefix=?
Hibernate: 
    select
        u1_0.user_id,
        u1_0.created_at,
        u1_0.created_by,
        u1_0.email,
        u1_0.name,
        u1_0.password,
        u1_0.phone,
        u1_0.role,
        u1_0.status,
        u1_0.updated_at,
        u1_0.updated_by 
    from
        users u1_0 
    where
        u1_0.email=?
Hibernate: 
    select
        is1_0.prefix,
        is1_0.`'last_value'` 
    from
        id_sequences is1_0 
    where
        is1_0.prefix=?
Hibernate: 
    select
        cs1_0.contractor_skill_id,
        cs1_0.contractor_profile_id,
        cs1_0.created_at,
        cs1_0.created_by,
        cs1_0.proficiency_level,
        cs1_0.skill_id,
        s1_0.skill_id,
        s1_0.category,
        s1_0.created_at,
        s1_0.created_by,
        s1_0.description,
        s1_0.name,
        s1_0.updated_at,
        s1_0.updated_by,
        cs1_0.updated_at,
        cs1_0.updated_by,
        cs1_0.years_of_experience 
    from
        contractor_skills cs1_0 
    left join
        skills s1_0 
            on s1_0.skill_id=cs1_0.skill_id 
    where
        cs1_0.contractor_profile_id=?
]]></system-out>
  </testcase>
  <testcase name="testDuplicateAssignmentPreventionOnSameSubmission" classname="com.gigforce.GigForceApplicationTests" time="0.114">
    <system-out><![CDATA[Hibernate: 
    select
        eh1_0.engagement_history_id,
        eh1_0.client_name,
        eh1_0.contractor_profile_id,
        eh1_0.created_at,
        eh1_0.created_by,
        eh1_0.end_date,
        eh1_0.feedback,
        eh1_0.rating,
        eh1_0.role_title,
        eh1_0.start_date,
        eh1_0.updated_at,
        eh1_0.updated_by 
    from
        engagement_histories eh1_0
Hibernate: 
    select
        cc1_0.certification_id,
        cc1_0.cert_status,
        cc1_0.certificate_number,
        cc1_0.contractor_profile_id,
        cc1_0.created_at,
        cc1_0.created_by,
        cc1_0.expiry_date,
        cc1_0.issue_date,
        cc1_0.issuing_authority,
        cc1_0.name,
        cc1_0.updated_at,
        cc1_0.updated_by 
    from
        contractor_certifications cc1_0
Hibernate: 
    select
        t1_0.timesheet_id,
        t1_0.approved_by_finance_id,
        t1_0.approved_by_hiring_manager_id,
        t1_0.approved_date,
        t1_0.assignment_id,
        t1_0.billable_amount,
        t1_0.contractor_user_id,
        t1_0.created_at,
        t1_0.created_by,
        t1_0.hours_logged,
        t1_0.overtime_logged,
        t1_0.payroll_processed_date,
        t1_0.payroll_status,
        t1_0.status,
        t1_0.submitted_date,
        t1_0.updated_at,
        t1_0.updated_by,
        t1_0.week_end_date,
        t1_0.week_start_date 
    from
        timesheets t1_0
Hibernate: 
    select
        ca1_0.absence_id,
        ca1_0.absence_type,
        ca1_0.approved_by_id,
        ca1_0.approved_date,
        ca1_0.assignment_id,
        ca1_0.contractor_profile_id,
        ca1_0.created_at,
        ca1_0.created_by,
        ca1_0.duration,
        ca1_0.end_date,
        ca1_0.reason,
        ca1_0.rejection_remarks,
        ca1_0.start_date,
        ca1_0.status,
        ca1_0.updated_at,
        ca1_0.updated_by 
    from
        contractor_absences ca1_0
Hibernate: 
    select
        aa1_0.assignment_amendment_id,
        aa1_0.amendment_type,
        aa1_0.approved_by_user_id,
        aa1_0.assignment_id,
        aa1_0.created_at,
        aa1_0.created_by,
        aa1_0.effective_date,
        aa1_0.new_value,
        aa1_0.remarks,
        aa1_0.status,
        aa1_0.updated_at,
        aa1_0.updated_by 
    from
        assignment_amendments aa1_0
Hibernate: 
    select
        a1_0.assignment_id,
        a1_0.agreed_rate_per_day,
        a1_0.contractor_profile_id,
        a1_0.created_at,
        a1_0.created_by,
        a1_0.end_date,
        a1_0.engagement_type,
        a1_0.hiring_manager_user_id,
        a1_0.resource_requisition_id,
        a1_0.sow_reference,
        a1_0.start_date,
        a1_0.status,
        a1_0.updated_at,
        a1_0.updated_by,
        a1_0.vendor_user_id,
        a1_0.vendor_submission_id 
    from
        assignments a1_0
Hibernate: 
    select
        vs1_0.vendor_submission_id,
        vs1_0.contractor_profile_id,
        vs1_0.created_at,
        vs1_0.created_by,
        vs1_0.proposed_rate,
        vs1_0.remarks,
        vs1_0.resource_requisition_id,
        vs1_0.status,
        vs1_0.submission_date,
        vs1_0.submitted_by_user_id,
        vs1_0.updated_at,
        vs1_0.updated_by 
    from
        vendor_submissions vs1_0
Hibernate: 
    select
        rr1_0.resource_requisition_id,
        rr1_0.created_at,
        rr1_0.created_by,
        rr1_0.created_by_user_id,
        rr1_0.description,
        rr1_0.duration,
        rr1_0.engagement_type,
        rr1_0.experience_level,
        rr1_0.max_hourly_rate,
        rr1_0.min_experience_years,
        rr1_0.quantity,
        rr1_0.required_skill_id,
        rr1_0.start_date,
        rr1_0.status,
        rr1_0.title,
        rr1_0.updated_at,
        rr1_0.updated_by 
    from
        resource_requisitions rr1_0
Hibernate: 
    select
        cs1_0.contractor_skill_id,
        cs1_0.contractor_profile_id,
        cs1_0.created_at,
        cs1_0.created_by,
        cs1_0.proficiency_level,
        cs1_0.skill_id,
        cs1_0.updated_at,
        cs1_0.updated_by,
        cs1_0.years_of_experience 
    from
        contractor_skills cs1_0
Hibernate: 
    select
        cp1_0.contractor_profile_id,
        cp1_0.availability_status,
        cp1_0.created_at,
        cp1_0.created_by,
        cp1_0.experience_years,
        cp1_0.hourly_rate,
        cp1_0.profile_status,
        cp1_0.updated_at,
        cp1_0.updated_by,
        cp1_0.user_id 
    from
        contractor_profiles cp1_0
Hibernate: 
    select
        s1_0.skill_id,
        s1_0.category,
        s1_0.created_at,
        s1_0.created_by,
        s1_0.description,
        s1_0.name,
        s1_0.updated_at,
        s1_0.updated_by 
    from
        skills s1_0
Hibernate: 
    select
        u1_0.user_id,
        u1_0.created_at,
        u1_0.created_by,
        u1_0.email,
        u1_0.name,
        u1_0.password,
        u1_0.phone,
        u1_0.role,
        u1_0.status,
        u1_0.updated_at,
        u1_0.updated_by 
    from
        users u1_0
Hibernate: 
    delete 
    from
        users 
    where
        user_id=?
Hibernate: 
    select
        is1_0.prefix,
        is1_0.`'last_value'` 
    from
        id_sequences is1_0 
    where
        is1_0.prefix=?
Hibernate: 
    select
        is1_0.prefix,
        is1_0.`'last_value'` 
    from
        id_sequences is1_0 
    where
        is1_0.prefix=?
Hibernate: 
    select
        is1_0.prefix,
        is1_0.`'last_value'` 
    from
        id_sequences is1_0 
    where
        is1_0.prefix=?
Hibernate: 
    select
        is1_0.prefix,
        is1_0.`'last_value'` 
    from
        id_sequences is1_0 
    where
        is1_0.prefix=?
Hibernate: 
    select
        is1_0.prefix,
        is1_0.`'last_value'` 
    from
        id_sequences is1_0 
    where
        is1_0.prefix=?
Hibernate: 
    select
        is1_0.prefix,
        is1_0.`'last_value'` 
    from
        id_sequences is1_0 
    where
        is1_0.prefix=?
Hibernate: 
    select
        is1_0.prefix,
        is1_0.`'last_value'` 
    from
        id_sequences is1_0 
    where
        is1_0.prefix=?
Hibernate: 
    select
        is1_0.prefix,
        is1_0.`'last_value'` 
    from
        id_sequences is1_0 
    where
        is1_0.prefix=?
Hibernate: 
    select
        is1_0.prefix,
        is1_0.`'last_value'` 
    from
        id_sequences is1_0 
    where
        is1_0.prefix=?
Hibernate: 
    select
        is1_0.prefix,
        is1_0.`'last_value'` 
    from
        id_sequences is1_0 
    where
        is1_0.prefix=?
Hibernate: 
    select
        is1_0.prefix,
        is1_0.`'last_value'` 
    from
        id_sequences is1_0 
    where
        is1_0.prefix=?
Hibernate: 
    select
        is1_0.prefix,
        is1_0.`'last_value'` 
    from
        id_sequences is1_0 
    where
        is1_0.prefix=?
Hibernate: 
    select
        is1_0.prefix,
        is1_0.`'last_value'` 
    from
        id_sequences is1_0 
    where
        is1_0.prefix=?
Hibernate: 
    select
        is1_0.prefix,
        is1_0.`'last_value'` 
    from
        id_sequences is1_0 
    where
        is1_0.prefix=?
Hibernate: 
    select
        is1_0.prefix,
        is1_0.`'last_value'` 
    from
        id_sequences is1_0 
    where
        is1_0.prefix=?
Hibernate: 
    select
        is1_0.prefix,
        is1_0.`'last_value'` 
    from
        id_sequences is1_0 
    where
        is1_0.prefix=?
Hibernate: 
    select
        is1_0.prefix,
        is1_0.`'last_value'` 
    from
        id_sequences is1_0 
    where
        is1_0.prefix=?
Hibernate: 
    insert 
    into
        id_sequences
        (`'last_value'`, prefix) 
    values
        (?, ?)
Hibernate: 
    insert 
    into
        skills
        (category, created_at, created_by, description, name, updated_at, updated_by, skill_id) 
    values
        (?, ?, ?, ?, ?, ?, ?, ?)
Hibernate: 
    insert 
    into
        id_sequences
        (`'last_value'`, prefix) 
    values
        (?, ?)
Hibernate: 
    insert 
    into
        users
        (created_at, created_by, email, name, password, phone, role, status, updated_at, updated_by, user_id) 
    values
        (?, ?, ?, ?, ?, ?, ?, ?, ?, ?, ?)
Hibernate: 
    insert 
    into
        id_sequences
        (`'last_value'`, prefix) 
    values
        (?, ?)
Hibernate: 
    insert 
    into
        users
        (created_at, created_by, email, name, password, phone, role, status, updated_at, updated_by, user_id) 
    values
        (?, ?, ?, ?, ?, ?, ?, ?, ?, ?, ?)
Hibernate: 
    insert 
    into
        id_sequences
        (`'last_value'`, prefix) 
    values
        (?, ?)
Hibernate: 
    insert 
    into
        users
        (created_at, created_by, email, name, password, phone, role, status, updated_at, updated_by, user_id) 
    values
        (?, ?, ?, ?, ?, ?, ?, ?, ?, ?, ?)
Hibernate: 
    insert 
    into
        users
        (created_at, created_by, email, name, password, phone, role, status, updated_at, updated_by, user_id) 
    values
        (?, ?, ?, ?, ?, ?, ?, ?, ?, ?, ?)
Hibernate: 
    insert 
    into
        id_sequences
        (`'last_value'`, prefix) 
    values
        (?, ?)
Hibernate: 
    insert 
    into
        users
        (created_at, created_by, email, name, password, phone, role, status, updated_at, updated_by, user_id) 
    values
        (?, ?, ?, ?, ?, ?, ?, ?, ?, ?, ?)
Hibernate: 
    insert 
    into
        id_sequences
        (`'last_value'`, prefix) 
    values
        (?, ?)
Hibernate: 
    insert 
    into
        contractor_profiles
        (availability_status, created_at, created_by, experience_years, hourly_rate, profile_status, updated_at, updated_by, user_id, contractor_profile_id) 
    values
        (?, ?, ?, ?, ?, ?, ?, ?, ?, ?)
Hibernate: 
    insert 
    into
        id_sequences
        (`'last_value'`, prefix) 
    values
        (?, ?)
Hibernate: 
    insert 
    into
        resource_requisitions
        (created_at, created_by, created_by_user_id, description, duration, engagement_type, experience_level, max_hourly_rate, min_experience_years, quantity, required_skill_id, start_date, status, title, updated_at, updated_by, resource_requisition_id) 
    values
        (?, ?, ?, ?, ?, ?, ?, ?, ?, ?, ?, ?, ?, ?, ?, ?, ?)
Hibernate: 
    insert 
    into
        id_sequences
        (`'last_value'`, prefix) 
    values
        (?, ?)
Hibernate: 
    insert 
    into
        vendor_submissions
        (contractor_profile_id, created_at, created_by, proposed_rate, remarks, resource_requisition_id, status, submission_date, submitted_by_user_id, updated_at, updated_by, vendor_submission_id) 
    values
        (?, ?, ?, ?, ?, ?, ?, ?, ?, ?, ?, ?)
Hibernate: 
    update
        id_sequences 
    set
        `'last_value'`=? 
    where
        prefix=?
Hibernate: 
    update
        vendor_submissions 
    set
        contractor_profile_id=?,
        proposed_rate=?,
        remarks=?,
        resource_requisition_id=?,
        status=?,
        submission_date=?,
        submitted_by_user_id=?,
        updated_at=?,
        updated_by=? 
    where
        vendor_submission_id=?
Hibernate: 
    select
        a1_0.assignment_id 
    from
        assignments a1_0 
    left join
        vendor_submissions vs1_0 
            on vs1_0.vendor_submission_id=a1_0.vendor_submission_id 
    where
        vs1_0.vendor_submission_id=? 
    limit
        ?
Hibernate: 
    select
        u1_0.user_id,
        u1_0.created_at,
        u1_0.created_by,
        u1_0.email,
        u1_0.name,
        u1_0.password,
        u1_0.phone,
        u1_0.role,
        u1_0.status,
        u1_0.updated_at,
        u1_0.updated_by 
    from
        users u1_0 
    where
        u1_0.email=?
Hibernate: 
    select
        is1_0.prefix,
        is1_0.`'last_value'` 
    from
        id_sequences is1_0 
    where
        is1_0.prefix=?
Hibernate: 
    select
        is1_0.prefix,
        is1_0.`'last_value'` 
    from
        id_sequences is1_0 
    where
        is1_0.prefix=?
Hibernate: 
    select
        is1_0.prefix,
        is1_0.`'last_value'` 
    from
        id_sequences is1_0 
    where
        is1_0.prefix=?
Hibernate: 
    insert 
    into
        audit_logs
        (action, timestamp, created_by, description, entity_id, entity_type, updated_at, updated_by, user_id, audit_id) 
    values
        (?, ?, ?, ?, ?, ?, ?, ?, ?, ?)
Hibernate: 
    insert 
    into
        id_sequences
        (`'last_value'`, prefix) 
    values
        (?, ?)
Hibernate: 
    insert 
    into
        assignments
        (agreed_rate_per_day, contractor_profile_id, created_at, created_by, end_date, engagement_type, hiring_manager_user_id, resource_requisition_id, sow_reference, start_date, status, updated_at, updated_by, vendor_user_id, vendor_submission_id, assignment_id) 
    values
        (?, ?, ?, ?, ?, ?, ?, ?, ?, ?, ?, ?, ?, ?, ?, ?)
Hibernate: 
    insert 
    into
        audit_logs
        (action, timestamp, created_by, description, entity_id, entity_type, updated_at, updated_by, user_id, audit_id) 
    values
        (?, ?, ?, ?, ?, ?, ?, ?, ?, ?)
Hibernate: 
    update
        contractor_profiles 
    set
        availability_status=?,
        experience_years=?,
        hourly_rate=?,
        profile_status=?,
        updated_at=?,
        updated_by=?,
        user_id=? 
    where
        contractor_profile_id=?
Hibernate: 
    update
        id_sequences 
    set
        `'last_value'`=? 
    where
        prefix=?
Hibernate: 
    select
        count(a1_0.assignment_id) 
    from
        assignments a1_0 
    left join
        resource_requisitions r1_0 
            on r1_0.resource_requisition_id=a1_0.resource_requisition_id 
    where
        r1_0.resource_requisition_id=? 
        and a1_0.status=?
Hibernate: 
    select
        count(a1_0.assignment_id) 
    from
        assignments a1_0 
    left join
        resource_requisitions r1_0 
            on r1_0.resource_requisition_id=a1_0.resource_requisition_id 
    where
        r1_0.resource_requisition_id=? 
        and a1_0.status=?
Hibernate: 
    select
        a1_0.assignment_id 
    from
        assignments a1_0 
    left join
        vendor_submissions vs1_0 
            on vs1_0.vendor_submission_id=a1_0.vendor_submission_id 
    where
        vs1_0.vendor_submission_id=? 
    limit
        ?
]]></system-out>
  </testcase>
  <testcase name="testGetLeavesByProfile" classname="com.gigforce.GigForceApplicationTests" time="0.089">
    <system-out><![CDATA[Hibernate: 
    select
        eh1_0.engagement_history_id,
        eh1_0.client_name,
        eh1_0.contractor_profile_id,
        eh1_0.created_at,
        eh1_0.created_by,
        eh1_0.end_date,
        eh1_0.feedback,
        eh1_0.rating,
        eh1_0.role_title,
        eh1_0.start_date,
        eh1_0.updated_at,
        eh1_0.updated_by 
    from
        engagement_histories eh1_0
Hibernate: 
    select
        cc1_0.certification_id,
        cc1_0.cert_status,
        cc1_0.certificate_number,
        cc1_0.contractor_profile_id,
        cc1_0.created_at,
        cc1_0.created_by,
        cc1_0.expiry_date,
        cc1_0.issue_date,
        cc1_0.issuing_authority,
        cc1_0.name,
        cc1_0.updated_at,
        cc1_0.updated_by 
    from
        contractor_certifications cc1_0
Hibernate: 
    select
        t1_0.timesheet_id,
        t1_0.approved_by_finance_id,
        t1_0.approved_by_hiring_manager_id,
        t1_0.approved_date,
        t1_0.assignment_id,
        t1_0.billable_amount,
        t1_0.contractor_user_id,
        t1_0.created_at,
        t1_0.created_by,
        t1_0.hours_logged,
        t1_0.overtime_logged,
        t1_0.payroll_processed_date,
        t1_0.payroll_status,
        t1_0.status,
        t1_0.submitted_date,
        t1_0.updated_at,
        t1_0.updated_by,
        t1_0.week_end_date,
        t1_0.week_start_date 
    from
        timesheets t1_0
Hibernate: 
    select
        ca1_0.absence_id,
        ca1_0.absence_type,
        ca1_0.approved_by_id,
        ca1_0.approved_date,
        ca1_0.assignment_id,
        ca1_0.contractor_profile_id,
        ca1_0.created_at,
        ca1_0.created_by,
        ca1_0.duration,
        ca1_0.end_date,
        ca1_0.reason,
        ca1_0.rejection_remarks,
        ca1_0.start_date,
        ca1_0.status,
        ca1_0.updated_at,
        ca1_0.updated_by 
    from
        contractor_absences ca1_0
Hibernate: 
    select
        aa1_0.assignment_amendment_id,
        aa1_0.amendment_type,
        aa1_0.approved_by_user_id,
        aa1_0.assignment_id,
        aa1_0.created_at,
        aa1_0.created_by,
        aa1_0.effective_date,
        aa1_0.new_value,
        aa1_0.remarks,
        aa1_0.status,
        aa1_0.updated_at,
        aa1_0.updated_by 
    from
        assignment_amendments aa1_0
Hibernate: 
    select
        a1_0.assignment_id,
        a1_0.agreed_rate_per_day,
        a1_0.contractor_profile_id,
        a1_0.created_at,
        a1_0.created_by,
        a1_0.end_date,
        a1_0.engagement_type,
        a1_0.hiring_manager_user_id,
        a1_0.resource_requisition_id,
        a1_0.sow_reference,
        a1_0.start_date,
        a1_0.status,
        a1_0.updated_at,
        a1_0.updated_by,
        a1_0.vendor_user_id,
        a1_0.vendor_submission_id 
    from
        assignments a1_0
Hibernate: 
    select
        vs1_0.vendor_submission_id,
        vs1_0.contractor_profile_id,
        vs1_0.created_at,
        vs1_0.created_by,
        vs1_0.proposed_rate,
        vs1_0.remarks,
        vs1_0.resource_requisition_id,
        vs1_0.status,
        vs1_0.submission_date,
        vs1_0.submitted_by_user_id,
        vs1_0.updated_at,
        vs1_0.updated_by 
    from
        vendor_submissions vs1_0
Hibernate: 
    select
        rr1_0.resource_requisition_id,
        rr1_0.created_at,
        rr1_0.created_by,
        rr1_0.created_by_user_id,
        rr1_0.description,
        rr1_0.duration,
        rr1_0.engagement_type,
        rr1_0.experience_level,
        rr1_0.max_hourly_rate,
        rr1_0.min_experience_years,
        rr1_0.quantity,
        rr1_0.required_skill_id,
        rr1_0.start_date,
        rr1_0.status,
        rr1_0.title,
        rr1_0.updated_at,
        rr1_0.updated_by 
    from
        resource_requisitions rr1_0
Hibernate: 
    select
        cs1_0.contractor_skill_id,
        cs1_0.contractor_profile_id,
        cs1_0.created_at,
        cs1_0.created_by,
        cs1_0.proficiency_level,
        cs1_0.skill_id,
        cs1_0.updated_at,
        cs1_0.updated_by,
        cs1_0.years_of_experience 
    from
        contractor_skills cs1_0
Hibernate: 
    select
        cp1_0.contractor_profile_id,
        cp1_0.availability_status,
        cp1_0.created_at,
        cp1_0.created_by,
        cp1_0.experience_years,
        cp1_0.hourly_rate,
        cp1_0.profile_status,
        cp1_0.updated_at,
        cp1_0.updated_by,
        cp1_0.user_id 
    from
        contractor_profiles cp1_0
Hibernate: 
    select
        s1_0.skill_id,
        s1_0.category,
        s1_0.created_at,
        s1_0.created_by,
        s1_0.description,
        s1_0.name,
        s1_0.updated_at,
        s1_0.updated_by 
    from
        skills s1_0
Hibernate: 
    select
        u1_0.user_id,
        u1_0.created_at,
        u1_0.created_by,
        u1_0.email,
        u1_0.name,
        u1_0.password,
        u1_0.phone,
        u1_0.role,
        u1_0.status,
        u1_0.updated_at,
        u1_0.updated_by 
    from
        users u1_0
Hibernate: 
    delete 
    from
        users 
    where
        user_id=?
Hibernate: 
    select
        is1_0.prefix,
        is1_0.`'last_value'` 
    from
        id_sequences is1_0 
    where
        is1_0.prefix=?
Hibernate: 
    select
        is1_0.prefix,
        is1_0.`'last_value'` 
    from
        id_sequences is1_0 
    where
        is1_0.prefix=?
Hibernate: 
    select
        is1_0.prefix,
        is1_0.`'last_value'` 
    from
        id_sequences is1_0 
    where
        is1_0.prefix=?
Hibernate: 
    select
        is1_0.prefix,
        is1_0.`'last_value'` 
    from
        id_sequences is1_0 
    where
        is1_0.prefix=?
Hibernate: 
    select
        is1_0.prefix,
        is1_0.`'last_value'` 
    from
        id_sequences is1_0 
    where
        is1_0.prefix=?
Hibernate: 
    select
        is1_0.prefix,
        is1_0.`'last_value'` 
    from
        id_sequences is1_0 
    where
        is1_0.prefix=?
Hibernate: 
    select
        is1_0.prefix,
        is1_0.`'last_value'` 
    from
        id_sequences is1_0 
    where
        is1_0.prefix=?
Hibernate: 
    select
        is1_0.prefix,
        is1_0.`'last_value'` 
    from
        id_sequences is1_0 
    where
        is1_0.prefix=?
Hibernate: 
    select
        is1_0.prefix,
        is1_0.`'last_value'` 
    from
        id_sequences is1_0 
    where
        is1_0.prefix=?
Hibernate: 
    select
        is1_0.prefix,
        is1_0.`'last_value'` 
    from
        id_sequences is1_0 
    where
        is1_0.prefix=?
Hibernate: 
    select
        is1_0.prefix,
        is1_0.`'last_value'` 
    from
        id_sequences is1_0 
    where
        is1_0.prefix=?
Hibernate: 
    select
        is1_0.prefix,
        is1_0.`'last_value'` 
    from
        id_sequences is1_0 
    where
        is1_0.prefix=?
Hibernate: 
    select
        is1_0.prefix,
        is1_0.`'last_value'` 
    from
        id_sequences is1_0 
    where
        is1_0.prefix=?
Hibernate: 
    select
        is1_0.prefix,
        is1_0.`'last_value'` 
    from
        id_sequences is1_0 
    where
        is1_0.prefix=?
Hibernate: 
    select
        is1_0.prefix,
        is1_0.`'last_value'` 
    from
        id_sequences is1_0 
    where
        is1_0.prefix=?
Hibernate: 
    select
        is1_0.prefix,
        is1_0.`'last_value'` 
    from
        id_sequences is1_0 
    where
        is1_0.prefix=?
Hibernate: 
    select
        is1_0.prefix,
        is1_0.`'last_value'` 
    from
        id_sequences is1_0 
    where
        is1_0.prefix=?
Hibernate: 
    select
        is1_0.prefix,
        is1_0.`'last_value'` 
    from
        id_sequences is1_0 
    where
        is1_0.prefix=?
Hibernate: 
    select
        is1_0.prefix,
        is1_0.`'last_value'` 
    from
        id_sequences is1_0 
    where
        is1_0.prefix=?
Hibernate: 
    select
        is1_0.prefix,
        is1_0.`'last_value'` 
    from
        id_sequences is1_0 
    where
        is1_0.prefix=?
Hibernate: 
    select
        is1_0.prefix,
        is1_0.`'last_value'` 
    from
        id_sequences is1_0 
    where
        is1_0.prefix=?
Hibernate: 
    insert 
    into
        id_sequences
        (`'last_value'`, prefix) 
    values
        (?, ?)
Hibernate: 
    insert 
    into
        skills
        (category, created_at, created_by, description, name, updated_at, updated_by, skill_id) 
    values
        (?, ?, ?, ?, ?, ?, ?, ?)
Hibernate: 
    insert 
    into
        id_sequences
        (`'last_value'`, prefix) 
    values
        (?, ?)
Hibernate: 
    insert 
    into
        users
        (created_at, created_by, email, name, password, phone, role, status, updated_at, updated_by, user_id) 
    values
        (?, ?, ?, ?, ?, ?, ?, ?, ?, ?, ?)
Hibernate: 
    insert 
    into
        id_sequences
        (`'last_value'`, prefix) 
    values
        (?, ?)
Hibernate: 
    insert 
    into
        users
        (created_at, created_by, email, name, password, phone, role, status, updated_at, updated_by, user_id) 
    values
        (?, ?, ?, ?, ?, ?, ?, ?, ?, ?, ?)
Hibernate: 
    insert 
    into
        id_sequences
        (`'last_value'`, prefix) 
    values
        (?, ?)
Hibernate: 
    insert 
    into
        users
        (created_at, created_by, email, name, password, phone, role, status, updated_at, updated_by, user_id) 
    values
        (?, ?, ?, ?, ?, ?, ?, ?, ?, ?, ?)
Hibernate: 
    insert 
    into
        users
        (created_at, created_by, email, name, password, phone, role, status, updated_at, updated_by, user_id) 
    values
        (?, ?, ?, ?, ?, ?, ?, ?, ?, ?, ?)
Hibernate: 
    insert 
    into
        id_sequences
        (`'last_value'`, prefix) 
    values
        (?, ?)
Hibernate: 
    insert 
    into
        users
        (created_at, created_by, email, name, password, phone, role, status, updated_at, updated_by, user_id) 
    values
        (?, ?, ?, ?, ?, ?, ?, ?, ?, ?, ?)
Hibernate: 
    insert 
    into
        id_sequences
        (`'last_value'`, prefix) 
    values
        (?, ?)
Hibernate: 
    insert 
    into
        contractor_profiles
[...]
Hibernate: 
    insert 
    into
        id_sequences
        (`'last_value'`, prefix) 
    values
        (?, ?)
Hibernate: 
    insert 
    into
        vendor_submissions
        (contractor_profile_id, created_at, created_by, proposed_rate, remarks, resource_requisition_id, status, submission_date, submitted_by_user_id, updated_at, updated_by, vendor_submission_id) 
    values
        (?, ?, ?, ?, ?, ?, ?, ?, ?, ?, ?, ?)
Hibernate: 
    insert 
    into
        id_sequences
        (`'last_value'`, prefix) 
    values
        (?, ?)
Hibernate: 
    insert 
    into
        assignments
        (agreed_rate_per_day, contractor_profile_id, created_at, created_by, end_date, engagement_type, hiring_manager_user_id, resource_requisition_id, sow_reference, start_date, status, updated_at, updated_by, vendor_user_id, vendor_submission_id, assignment_id) 
    values
        (?, ?, ?, ?, ?, ?, ?, ?, ?, ?, ?, ?, ?, ?, ?, ?)
Hibernate: 
    insert 
    into
        id_sequences
        (`'last_value'`, prefix) 
    values
        (?, ?)
Hibernate: 
    insert 
    into
        timesheets
        (approved_by_finance_id, approved_by_hiring_manager_id, approved_date, assignment_id, billable_amount, contractor_user_id, created_at, created_by, hours_logged, overtime_logged, payroll_processed_date, payroll_status, status, submitted_date, updated_at, updated_by, week_end_date, week_start_date, timesheet_id) 
    values
        (?, ?, ?, ?, ?, ?, ?, ?, ?, ?, ?, ?, ?, ?, ?, ?, ?, ?, ?)
Hibernate: 
    update
        id_sequences 
    set
        `'last_value'`=? 
    where
        prefix=?
Hibernate: 
    update
        vendor_submissions 
    set
        contractor_profile_id=?,
        proposed_rate=?,
        remarks=?,
        resource_requisition_id=?,
        status=?,
        submission_date=?,
        submitted_by_user_id=?,
        updated_at=?,
        updated_by=? 
    where
        vendor_submission_id=?
Hibernate: 
    select
        u1_0.user_id,
        u1_0.created_at,
        u1_0.created_by,
        u1_0.email,
        u1_0.name,
        u1_0.password,
        u1_0.phone,
        u1_0.role,
        u1_0.status,
        u1_0.updated_at,
        u1_0.updated_by 
    from
        users u1_0 
    where
        u1_0.email=?
Hibernate: 
    select
        is1_0.prefix,
        is1_0.`'last_value'` 
    from
        id_sequences is1_0 
    where
        is1_0.prefix=?
Hibernate: 
    select
        is1_0.prefix,
        is1_0.`'last_value'` 
    from
        id_sequences is1_0 
    where
        is1_0.prefix=?
Hibernate: 
    select
        is1_0.prefix,
        is1_0.`'last_value'` 
    from
        id_sequences is1_0 
    where
        is1_0.prefix=?
Hibernate: 
    insert 
    into
        id_sequences
        (`'last_value'`, prefix) 
    values
        (?, ?)
Hibernate: 
    insert 
    into
        timesheet_approvals
        (action, action_date, approval_level, approver_id, created_at, created_by, remarks, timesheet_id, updated_at, updated_by, approval_id) 
    values
        (?, ?, ?, ?, ?, ?, ?, ?, ?, ?, ?)
Hibernate: 
    insert 
    into
        audit_logs
        (action, timestamp, created_by, description, entity_id, entity_type, updated_at, updated_by, user_id, audit_id) 
    values
        (?, ?, ?, ?, ?, ?, ?, ?, ?, ?)
Hibernate: 
    update
        timesheets 
    set
        approved_by_finance_id=?,
        approved_by_hiring_manager_id=?,
        approved_date=?,
        assignment_id=?,
        billable_amount=?,
        contractor_user_id=?,
        hours_logged=?,
        overtime_logged=?,
        payroll_processed_date=?,
        payroll_status=?,
        status=?,
        submitted_date=?,
        updated_at=?,
        updated_by=?,
        week_end_date=?,
        week_start_date=? 
    where
        timesheet_id=?
Hibernate: 
    update
        id_sequences 
    set
        `'last_value'`=? 
    where
        prefix=?
Hibernate: 
    select
        tl1_0.timesheet_line_id,
        tl1_0.absence_id,
        tl1_0.activity_desc,
        tl1_0.created_at,
        tl1_0.created_by,
        tl1_0.hours_worked,
        tl1_0.overtime_hours,
        tl1_0.timesheet_id,
        tl1_0.updated_at,
        tl1_0.updated_by,
        tl1_0.work_date 
    from
        timesheet_lines tl1_0 
    join
        timesheets t1_0 
            on t1_0.timesheet_id=tl1_0.timesheet_id 
    where
        t1_0.timesheet_id=?
]]></system-out>
  </testcase>
  <testcase name="testVendorAttemptsFinanceApproval" classname="com.gigforce.GigForceApplicationTests" time="0.028">
    <system-out><![CDATA[Hibernate: 
    select
        eh1_0.engagement_history_id,
        eh1_0.client_name,
        eh1_0.contractor_profile_id,
        eh1_0.created_at,
        eh1_0.created_by,
        eh1_0.end_date,
        eh1_0.feedback,
        eh1_0.rating,
        eh1_0.role_title,
        eh1_0.start_date,
        eh1_0.updated_at,
        eh1_0.updated_by 
    from
        engagement_histories eh1_0
Hibernate: 
    select
        cc1_0.certification_id,
        cc1_0.cert_status,
        cc1_0.certificate_number,
        cc1_0.contractor_profile_id,
        cc1_0.created_at,
        cc1_0.created_by,
        cc1_0.expiry_date,
        cc1_0.issue_date,
        cc1_0.issuing_authority,
        cc1_0.name,
        cc1_0.updated_at,
        cc1_0.updated_by 
    from
        contractor_certifications cc1_0
Hibernate: 
    select
        t1_0.timesheet_id,
        t1_0.approved_by_finance_id,
        t1_0.approved_by_hiring_manager_id,
        t1_0.approved_date,
        t1_0.assignment_id,
        t1_0.billable_amount,
        t1_0.contractor_user_id,
        t1_0.created_at,
        t1_0.created_by,
        t1_0.hours_logged,
        t1_0.overtime_logged,
        t1_0.payroll_processed_date,
        t1_0.payroll_status,
        t1_0.status,
        t1_0.submitted_date,
        t1_0.updated_at,
        t1_0.updated_by,
        t1_0.week_end_date,
        t1_0.week_start_date 
    from
        timesheets t1_0
Hibernate: 
    select
        ca1_0.absence_id,
        ca1_0.absence_type,
        ca1_0.approved_by_id,
        ca1_0.approved_date,
        ca1_0.assignment_id,
        ca1_0.contractor_profile_id,
        ca1_0.created_at,
        ca1_0.created_by,
        ca1_0.duration,
        ca1_0.end_date,
        ca1_0.reason,
        ca1_0.rejection_remarks,
        ca1_0.start_date,
        ca1_0.status,
        ca1_0.updated_at,
        ca1_0.updated_by 
    from
        contractor_absences ca1_0
Hibernate: 
    select
        aa1_0.assignment_amendment_id,
        aa1_0.amendment_type,
        aa1_0.approved_by_user_id,
        aa1_0.assignment_id,
        aa1_0.created_at,
        aa1_0.created_by,
        aa1_0.effective_date,
        aa1_0.new_value,
        aa1_0.remarks,
        aa1_0.status,
        aa1_0.updated_at,
        aa1_0.updated_by 
    from
        assignment_amendments aa1_0
Hibernate: 
    select
        a1_0.assignment_id,
        a1_0.agreed_rate_per_day,
        a1_0.contractor_profile_id,
        a1_0.created_at,
        a1_0.created_by,
        a1_0.end_date,
        a1_0.engagement_type,
        a1_0.hiring_manager_user_id,
        a1_0.resource_requisition_id,
        a1_0.sow_reference,
        a1_0.start_date,
        a1_0.status,
        a1_0.updated_at,
        a1_0.updated_by,
        a1_0.vendor_user_id,
        a1_0.vendor_submission_id 
    from
        assignments a1_0
Hibernate: 
    select
        vs1_0.vendor_submission_id,
        vs1_0.contractor_profile_id,
        vs1_0.created_at,
        vs1_0.created_by,
        vs1_0.proposed_rate,
        vs1_0.remarks,
        vs1_0.resource_requisition_id,
        vs1_0.status,
        vs1_0.submission_date,
        vs1_0.submitted_by_user_id,
        vs1_0.updated_at,
        vs1_0.updated_by 
    from
        vendor_submissions vs1_0
Hibernate: 
    select
        rr1_0.resource_requisition_id,
        rr1_0.created_at,
        rr1_0.created_by,
        rr1_0.created_by_user_id,
        rr1_0.description,
        rr1_0.duration,
        rr1_0.engagement_type,
        rr1_0.experience_level,
        rr1_0.max_hourly_rate,
        rr1_0.min_experience_years,
        rr1_0.quantity,
        rr1_0.required_skill_id,
        rr1_0.start_date,
        rr1_0.status,
        rr1_0.title,
        rr1_0.updated_at,
        rr1_0.updated_by 
    from
        resource_requisitions rr1_0
Hibernate: 
    select
        cs1_0.contractor_skill_id,
        cs1_0.contractor_profile_id,
        cs1_0.created_at,
        cs1_0.created_by,
        cs1_0.proficiency_level,
        cs1_0.skill_id,
        cs1_0.updated_at,
        cs1_0.updated_by,
        cs1_0.years_of_experience 
    from
        contractor_skills cs1_0
Hibernate: 
    select
        cp1_0.contractor_profile_id,
        cp1_0.availability_status,
        cp1_0.created_at,
        cp1_0.created_by,
        cp1_0.experience_years,
        cp1_0.hourly_rate,
        cp1_0.profile_status,
        cp1_0.updated_at,
        cp1_0.updated_by,
        cp1_0.user_id 
    from
        contractor_profiles cp1_0
Hibernate: 
    select
        s1_0.skill_id,
        s1_0.category,
        s1_0.created_at,
        s1_0.created_by,
        s1_0.description,
        s1_0.name,
        s1_0.updated_at,
        s1_0.updated_by 
    from
        skills s1_0
Hibernate: 
    select
        u1_0.user_id,
        u1_0.created_at,
        u1_0.created_by,
        u1_0.email,
        u1_0.name,
        u1_0.password,
        u1_0.phone,
        u1_0.role,
        u1_0.status,
        u1_0.updated_at,
        u1_0.updated_by 
    from
        users u1_0
Hibernate: 
    delete 
    from
        users 
    where
        user_id=?
Hibernate: 
    select
        is1_0.prefix,
        is1_0.`'last_value'` 
    from
        id_sequences is1_0 
    where
        is1_0.prefix=?
Hibernate: 
    select
        is1_0.prefix,
        is1_0.`'last_value'` 
    from
        id_sequences is1_0 
    where
        is1_0.prefix=?
Hibernate: 
    select
        is1_0.prefix,
        is1_0.`'last_value'` 
    from
        id_sequences is1_0 
    where
        is1_0.prefix=?
Hibernate: 
    select
        is1_0.prefix,
        is1_0.`'last_value'` 
    from
        id_sequences is1_0 
    where
        is1_0.prefix=?
Hibernate: 
    select
        is1_0.prefix,
        is1_0.`'last_value'` 
    from
        id_sequences is1_0 
    where
        is1_0.prefix=?
Hibernate: 
    select
        is1_0.prefix,
        is1_0.`'last_value'` 
    from
        id_sequences is1_0 
    where
        is1_0.prefix=?
Hibernate: 
    select
        is1_0.prefix,
        is1_0.`'last_value'` 
    from
        id_sequences is1_0 
    where
        is1_0.prefix=?
Hibernate: 
    select
        is1_0.prefix,
        is1_0.`'last_value'` 
    from
        id_sequences is1_0 
    where
        is1_0.prefix=?
Hibernate: 
    select
        is1_0.prefix,
        is1_0.`'last_value'` 
    from
        id_sequences is1_0 
    where
        is1_0.prefix=?
Hibernate: 
    select
        is1_0.prefix,
        is1_0.`'last_value'` 
    from
        id_sequences is1_0 
    where
        is1_0.prefix=?
Hibernate: 
    select
        is1_0.prefix,
        is1_0.`'last_value'` 
    from
        id_sequences is1_0 
    where
        is1_0.prefix=?
Hibernate: 
    select
        is1_0.prefix,
        is1_0.`'last_value'` 
    from
        id_sequences is1_0 
    where
        is1_0.prefix=?
Hibernate: 
    select
        is1_0.prefix,
        is1_0.`'last_value'` 
    from
        id_sequences is1_0 
    where
        is1_0.prefix=?
Hibernate: 
    select
        is1_0.prefix,
        is1_0.`'last_value'` 
    from
        id_sequences is1_0 
    where
        is1_0.prefix=?
Hibernate: 
    select
        is1_0.prefix,
        is1_0.`'last_value'` 
    from
        id_sequences is1_0 
    where
        is1_0.prefix=?
Hibernate: 
    select
        is1_0.prefix,
        is1_0.`'last_value'` 
    from
        id_sequences is1_0 
    where
        is1_0.prefix=?
Hibernate: 
    select
        is1_0.prefix,
        is1_0.`'last_value'` 
    from
        id_sequences is1_0 
    where
        is1_0.prefix=?
]]></system-out>
  </testcase>
  <testcase name="testContractorForbiddenFromApprovingAmendments" classname="com.gigforce.GigForceApplicationTests" time="0.033">
    <system-out><![CDATA[Hibernate: 
    select
        eh1_0.engagement_history_id,
        eh1_0.client_name,
        eh1_0.contractor_profile_id,
        eh1_0.created_at,
        eh1_0.created_by,
        eh1_0.end_date,
        eh1_0.feedback,
        eh1_0.rating,
        eh1_0.role_title,
        eh1_0.start_date,
        eh1_0.updated_at,
        eh1_0.updated_by 
    from
        engagement_histories eh1_0
Hibernate: 
    select
        cc1_0.certification_id,
        cc1_0.cert_status,
        cc1_0.certificate_number,
        cc1_0.contractor_profile_id,
        cc1_0.created_at,
        cc1_0.created_by,
        cc1_0.expiry_date,
        cc1_0.issue_date,
        cc1_0.issuing_authority,
        cc1_0.name,
        cc1_0.updated_at,
        cc1_0.updated_by 
    from
        contractor_certifications cc1_0
Hibernate: 
    select
        t1_0.timesheet_id,
        t1_0.approved_by_finance_id,
        t1_0.approved_by_hiring_manager_id,
        t1_0.approved_date,
        t1_0.assignment_id,
        t1_0.billable_amount,
        t1_0.contractor_user_id,
        t1_0.created_at,
        t1_0.created_by,
        t1_0.hours_logged,
        t1_0.overtime_logged,
        t1_0.payroll_processed_date,
        t1_0.payroll_status,
        t1_0.status,
        t1_0.submitted_date,
        t1_0.updated_at,
        t1_0.updated_by,
        t1_0.week_end_date,
        t1_0.week_start_date 
    from
        timesheets t1_0
Hibernate: 
    select
        ca1_0.absence_id,
        ca1_0.absence_type,
        ca1_0.approved_by_id,
        ca1_0.approved_date,
        ca1_0.assignment_id,
        ca1_0.contractor_profile_id,
        ca1_0.created_at,
        ca1_0.created_by,
        ca1_0.duration,
        ca1_0.end_date,
        ca1_0.reason,
        ca1_0.rejection_remarks,
        ca1_0.start_date,
        ca1_0.status,
        ca1_0.updated_at,
        ca1_0.updated_by 
    from
        contractor_absences ca1_0
Hibernate: 
    select
        aa1_0.assignment_amendment_id,
        aa1_0.amendment_type,
        aa1_0.approved_by_user_id,
        aa1_0.assignment_id,
        aa1_0.created_at,
        aa1_0.created_by,
        aa1_0.effective_date,
        aa1_0.new_value,
        aa1_0.remarks,
        aa1_0.status,
        aa1_0.updated_at,
        aa1_0.updated_by 
    from
        assignment_amendments aa1_0
Hibernate: 
    select
        a1_0.assignment_id,
        a1_0.agreed_rate_per_day,
        a1_0.contractor_profile_id,
        a1_0.created_at,
        a1_0.created_by,
        a1_0.end_date,
        a1_0.engagement_type,
        a1_0.hiring_manager_user_id,
        a1_0.resource_requisition_id,
        a1_0.sow_reference,
        a1_0.start_date,
        a1_0.status,
        a1_0.updated_at,
        a1_0.updated_by,
        a1_0.vendor_user_id,
        a1_0.vendor_submission_id 
    from
        assignments a1_0
Hibernate: 
    select
        vs1_0.vendor_submission_id,
        vs1_0.contractor_profile_id,
        vs1_0.created_at,
        vs1_0.created_by,
        vs1_0.proposed_rate,
        vs1_0.remarks,
        vs1_0.resource_requisition_id,
        vs1_0.status,
        vs1_0.submission_date,
        vs1_0.submitted_by_user_id,
        vs1_0.updated_at,
        vs1_0.updated_by 
    from
        vendor_submissions vs1_0
Hibernate: 
    select
        rr1_0.resource_requisition_id,
        rr1_0.created_at,
        rr1_0.created_by,
        rr1_0.created_by_user_id,
        rr1_0.description,
        rr1_0.duration,
        rr1_0.engagement_type,
        rr1_0.experience_level,
        rr1_0.max_hourly_rate,
        rr1_0.min_experience_years,
        rr1_0.quantity,
        rr1_0.required_skill_id,
        rr1_0.start_date,
        rr1_0.status,
        rr1_0.title,
        rr1_0.updated_at,
        rr1_0.updated_by 
    from
        resource_requisitions rr1_0
Hibernate: 
    select
        cs1_0.contractor_skill_id,
        cs1_0.contractor_profile_id,
        cs1_0.created_at,
        cs1_0.created_by,
        cs1_0.proficiency_level,
        cs1_0.skill_id,
        cs1_0.updated_at,
        cs1_0.updated_by,
        cs1_0.years_of_experience 
    from
        contractor_skills cs1_0
Hibernate: 
    select
        cp1_0.contractor_profile_id,
        cp1_0.availability_status,
        cp1_0.created_at,
        cp1_0.created_by,
        cp1_0.experience_years,
        cp1_0.hourly_rate,
        cp1_0.profile_status,
        cp1_0.updated_at,
        cp1_0.updated_by,
        cp1_0.user_id 
    from
        contractor_profiles cp1_0
Hibernate: 
    select
        s1_0.skill_id,
        s1_0.category,
        s1_0.created_at,
        s1_0.created_by,
        s1_0.description,
        s1_0.name,
        s1_0.updated_at,
        s1_0.updated_by 
    from
        skills s1_0
Hibernate: 
    select
        u1_0.user_id,
        u1_0.created_at,
        u1_0.created_by,
        u1_0.email,
        u1_0.name,
        u1_0.password,
        u1_0.phone,
        u1_0.role,
        u1_0.status,
        u1_0.updated_at,
        u1_0.updated_by 
    from
        users u1_0
Hibernate: 
    delete 
    from
        users 
    where
        user_id=?
Hibernate: 
    select
        is1_0.prefix,
        is1_0.`'last_value'` 
    from
        id_sequences is1_0 
    where
        is1_0.prefix=?
Hibernate: 
    select
        is1_0.prefix,
        is1_0.`'last_value'` 
    from
        id_sequences is1_0 
    where
        is1_0.prefix=?
Hibernate: 
    select
        is1_0.prefix,
        is1_0.`'last_value'` 
    from
        id_sequences is1_0 
    where
        is1_0.prefix=?
Hibernate: 
    select
        is1_0.prefix,
        is1_0.`'last_value'` 
    from
        id_sequences is1_0 
    where
        is1_0.prefix=?
Hibernate: 
    select
        is1_0.prefix,
        is1_0.`'last_value'` 
    from
        id_sequences is1_0 
    where
        is1_0.prefix=?
Hibernate: 
    select
        is1_0.prefix,
        is1_0.`'last_value'` 
    from
        id_sequences is1_0 
    where
        is1_0.prefix=?
Hibernate: 
    select
        is1_0.prefix,
        is1_0.`'last_value'` 
    from
        id_sequences is1_0 
    where
        is1_0.prefix=?
Hibernate: 
    select
        is1_0.prefix,
        is1_0.`'last_value'` 
    from
        id_sequences is1_0 
    where
        is1_0.prefix=?
Hibernate: 
    select
        is1_0.prefix,
        is1_0.`'last_value'` 
    from
        id_sequences is1_0 
    where
        is1_0.prefix=?
Hibernate: 
    select
        is1_0.prefix,
        is1_0.`'last_value'` 
    from
        id_sequences is1_0 
    where
        is1_0.prefix=?
Hibernate: 
    select
        is1_0.prefix,
        is1_0.`'last_value'` 
    from
        id_sequences is1_0 
    where
        is1_0.prefix=?
Hibernate: 
    select
        is1_0.prefix,
        is1_0.`'last_value'` 
    from
        id_sequences is1_0 
    where
        is1_0.prefix=?
Hibernate: 
    select
        is1_0.prefix,
        is1_0.`'last_value'` 
    from
        id_sequences is1_0 
    where
        is1_0.prefix=?
Hibernate: 
    select
        is1_0.prefix,
        is1_0.`'last_value'` 
    from
        id_sequences is1_0 
    where
        is1_0.prefix=?
Hibernate: 
    select
        is1_0.prefix,
        is1_0.`'last_value'` 
    from
        id_sequences is1_0 
    where
        is1_0.prefix=?
Hibernate: 
    select
        is1_0.prefix,
        is1_0.`'last_value'` 
    from
        id_sequences is1_0 
    where
        is1_0.prefix=?
Hibernate: 
    select
        is1_0.prefix,
        is1_0.`'last_value'` 
    from
        id_sequences is1_0 
    where
        is1_0.prefix=?
]]></system-out>
  </testcase>
</testsuite>